Tue 04/09/2024 
03:13 PM
$PROBLEM    Simultaneous PKPD of the human anti-PCSK9 mAb evolocumab
$ABBREVIATED PROTECT
$INPUT      ID TIME DV AMT ADDL II CMT MDV EVID DOSEMG HEALTHY
$DATA      NM_data_evoPKPD.csv IGNORE=@
$SUBROUTINE ADVAN13 TRANS1 TOL=6
$MODEL      COMP=(DEPOT,DEFDOSE) ; evolocumab SC depot
            COMP=(TDA) ; total evolocumab amount in central
            COMP=(TLC,NODOSE) ; total ligand (PCSK9) concentration in central
            COMP=(CLDL,NODOSE) ; LDL cholesterol concentration
$PK 

CALLFL=-2

;;;;; TMDD PK ;;;;;

TVKA = THETA(1)
KA = TVKA*EXP(ETA(1))

TVV = THETA(2)
V = TVV*EXP(ETA(2))

TVCL = THETA(3)
CL = TVCL*EXP(ETA(3))

TVKDEG = THETA(4)
KDEG = TVKDEG*EXP(ETA(4))

TVPCSK9_0 = THETA(5)*THETA(8)**(HEALTHY)
PCSK9_0 = TVPCSK9_0*EXP(ETA(5))

TVKSS = THETA(6)
KSS = TVKSS*EXP(ETA(6))

TVKINT = THETA(7)
KINT = TVKINT*EXP(ETA(7))

KEL = CL/V

KSYN = KDEG*PCSK9_0  ; zero-order PCSK9 production rate (nM/day)

F1 = THETA(9)

A_0(3) = PCSK9_0     ; change initial condition from default of zero

;;;;; PD ;;;;;

TVKOUT = THETA(10)
KOUT = TVKOUT*EXP(ETA(8))

TVLDLC_0 = THETA(11)
LDLC_0 = TVLDLC_0*EXP(ETA(9))

TVIMAX = THETA(12)
IMAX = TVIMAX*EXP(ETA(10))

TVIC50 = THETA(13)
IC50 = TVIC50*EXP(ETA(11))

INH0 = (IMAX*PCSK9_0)/(IC50+PCSK9_0)

KIN = KOUT*(1.0-INH0)*LDLC_0    ; zero-order LDL-C production rate (mg/dL/day)

A_0(4) = LDLC_0               ; change initial condition from default of zero

$DES 

;;;;; TMDD PK ;;;;;

TDC = A(2)/V                                                         ; total evolocumab concentration (nM)
FDC = 0.5*((TDC-A(3)-KSS) + SQRT((TDC-A(3)-KSS)**2.0 + 4.0*KSS*TDC)) ; free evolocumab concentration (nM)
FLC = A(3) - (TDC - FDC)                                             ; free PCSK9 concentration (nM)

DADT(1) = -KA*A(1)                                            ; evolocumab SC depot (nmol)
DADT(2) =  KA*A(1) - KEL*FDC*V - (KINT*A(3)*FDC*V)/(KSS+FDC)  ; total evolocumab amount in central (nmol)
DADT(3) = KSYN - KDEG*A(3) - ((KINT-KDEG)*FDC*A(3))/(KSS+FDC) ; total PCSK9 concentration in central (nM)

;;;;; PD ;;;;;

INH = (IMAX*PCSK9_0)/(IC50+PCSK9_0)
IF (TIME.GT.0) INH = (IMAX*FLC)/(IC50+FLC)

DADT(4) = KIN - KOUT*(1.0-INH)*A(4)                           ; LDL-C concentration (mg/dL)

$ERROR 

TDC2 = A(2)/V                                                            ; total evolocumab concentration (nM)
FDC2 = 0.5*((TDC2-A(3)-KSS) + SQRT((TDC2-A(3)-KSS)**2.0 + 4.0*KSS*TDC2)) ; free evolocumab concentration (nM)
FLC2 = A(3) - (TDC2 - FDC2)                                              ; free PCSK9 concentration (nM)

DRUG=0
IF(CMT.EQ.2)DRUG=1

LIG=0
IF(CMT.EQ.3)LIG=1

LDL=0
IF(CMT.EQ.4)LDL=1

IF(CMT.EQ.2)THEN
  IPRED = FDC2*144/1000	; convert nM to mcg/mL, approximate MW of evolocumab is 144 kDa
  IRES = DV-IPRED
  W = SQRT(IPRED**2*SIGMA(1,1)+SIGMA(2,2))
  IWRES = IRES/W
ENDIF

IF(CMT.EQ.3)THEN
  IPRED = FLC2
  IRES = DV-IPRED
  W = SQRT(IPRED**2*SIGMA(3,3)+SIGMA(4,4))
  IWRES = IRES/W
ENDIF

IF(CMT.EQ.4)THEN
  IPRED = F
  IRES = DV-IPRED
  W = SQRT(IPRED**2*SIGMA(5,5)+SIGMA(6,6))
  IWRES = IRES/W
ENDIF

Y1 = IPRED + IPRED*EPS(1) + EPS(2)
Y2 = IPRED + IPRED*EPS(3) + EPS(4)
Y3 = IPRED + IPRED*EPS(5) + EPS(6)

Y = Y1*DRUG + Y2*LIG + Y3*LDL

$THETA  0.2 ; KA; 1/day ;first-order evolocumab absorption rate constant
 3 ; V; L     ;evolocumab volume of distribution
 0.3 ; CL; L/day ;evolocumab clearance
 2 ; KDEG; 1/day ;first-order PCSK9 degradation rate constant
 5 ; PCSK9_0; nM    ;initial PCSK9 concentration
 0.3 ; KSS; nM    ;steady-state constant
 0.05 ; KINT; 1/day ;first-order evolocumab-PCSK9 complex elimination rate constant
 0.6 ; PCSK9_0_HEALTHY; none  ;fold change in initial PCSK9 conc. for healthy vs. statin-treated
 0.72 FIX ; F1; none  ;evolocumab SC bioavailability
 0.3 ; KOUT; 1/day ;first-order elimination rate constant for LDL-C
 100 ; LDLC_0; mg/dL ;baseline LDL-C concentration
 1 FIX ; IMAX; none  ;maximal inhibition
 1 ; IC50; nM    ;serum unbound PCSK9 concentration associated with half-maximal inhibition
$OMEGA  BLOCK(1)
 0.1  ;        KA_
$OMEGA  BLOCK(1)
 0.03  ;         V_
$OMEGA  BLOCK(1)
 0.1  ;        CL_
$OMEGA  BLOCK(1) FIX
 0  ;      KDEG_
$OMEGA  BLOCK(1)
 0.03  ;   PCSK9_0_
$OMEGA  BLOCK(1)
 0.1  ;       KSS_
$OMEGA  BLOCK(1) FIX
 0  ;      KINT_
$OMEGA  BLOCK(1) FIX
 0  ;      KOUT_
$OMEGA  BLOCK(1)
 0.04  ;    LDLC_0_
$OMEGA  BLOCK(1) FIX
 0  ;      IMAX_
$OMEGA  BLOCK(1)
 0.1  ;      IC50_
$SIGMA  0.01  ; Evolocumab_Prop
 0  FIX  ; Evolocumab_Add
 0.01  ; PCSK9_Prop
 0  FIX  ;  PCSK9_Add
 0.01  ;  LDLC_Prop
 20  ;   LDLC_Add
$ESTIMATION METHOD=1 INTER NOHABORT MAXEVAL=9999 PRINT=5 NSIG=1 SIGL=3
$COVARIANCE PRINT=E MATRIX=S UNCONDITIONAL
;*...............80 Character limit............................................*
$TABLE      ID TIME DV CMT MDV EVID IPRED CWRES IWRES ONEHEADER
            NOPRINT FILE=sdtab1
$TABLE      ID KA V CL KDEG PCSK9_0 KSS KINT KOUT LDLC_0 IMAX IC50
            ONEHEADER NOPRINT FILE=patab1 ; model parameters
$TABLE      ID DOSEMG HEALTHY ONEHEADER NOPRINT FILE=catab1 ; categorical covariates
$TABLE      ID ONEHEADER NOPRINT FILE=cotab1 ; continuous covariates

  
NM-TRAN MESSAGES 
  
 WARNINGS AND ERRORS (IF ANY) FOR PROBLEM    1
             
 (WARNING  2) NM-TRAN INFERS THAT THE DATA ARE POPULATION.
             
 (WARNING  3) THERE MAY BE AN ERROR IN THE ABBREVIATED CODE. THE FOLLOWING
 ONE OR MORE RANDOM VARIABLES ARE DEFINED WITH "IF" STATEMENTS THAT DO NOT
 PROVIDE DEFINITIONS FOR BOTH THE "THEN" AND "ELSE" CASES. IF ALL
 CONDITIONS FAIL, THE VALUES OF THESE VARIABLES WILL BE ZERO.
  
   IPRED IRES W IWRES

             
 (WARNING  79) SIGMA IS USED ON THE RIGHT. WITH A SUBSEQUENT RUN, IF AN
 INITIAL ESTIMATE OF A DIAGONAL BLOCK OF SIGMA IS TO BE COMPUTED BY
 NONMEM, THAT BLOCK WILL BE SET TO AN IDENTITY MATRIX DURING THAT
 COMPUTATION. THIS COULD LEAD TO AN ARITHMETIC EXCEPTION.*

 * THE MAXIMUM NUMBER OF WARNINGS OF ONE OR MORE TYPES WAS REACHED.
 IT IS POSSIBLE THAT SOME WARNING MESSAGES WERE SUPPRESSED.
  
License Registered to: Enhanced Pharmacodynamics LLC
Expiration Date:    14 SEP 2024
Current Date:        9 APR 2024
Days until program expires : 155
1NONLINEAR MIXED EFFECTS MODEL PROGRAM (NONMEM) VERSION 7.4.4
 ORIGINALLY DEVELOPED BY STUART BEAL, LEWIS SHEINER, AND ALISON BOECKMANN
 CURRENT DEVELOPERS ARE ROBERT BAUER, ICON DEVELOPMENT SOLUTIONS,
 AND ALISON BOECKMANN. IMPLEMENTATION, EFFICIENCY, AND STANDARDIZATION
 PERFORMED BY NOUS INFOSYSTEMS.

 PROBLEM NO.:         1
 Simultaneous PKPD of the human anti-PCSK9 mAb evolocumab
0DATA CHECKOUT RUN:              NO
 DATA SET LOCATED ON UNIT NO.:    2
 THIS UNIT TO BE REWOUND:        NO
 NO. OF DATA RECS IN DATA SET:     2196
 NO. OF DATA ITEMS IN DATA SET:  11
 ID DATA ITEM IS DATA ITEM NO.:   1
 DEP VARIABLE IS DATA ITEM NO.:   3
 MDV DATA ITEM IS DATA ITEM NO.:  8
0INDICES PASSED TO SUBROUTINE PRED:
   9   2   4   0   0   6   7   0   0   0   5
0LABELS FOR DATA ITEMS:
 ID TIME DV AMT ADDL II CMT MDV EVID DOSEMG HEALTHY
0(NONBLANK) LABELS FOR PRED-DEFINED ITEMS:
 KA V CL KDEG PCSK9_0 KSS KINT KOUT LDLC_0 IMAX IC50 IPRED IWRES
0FORMAT FOR DATA:
 (E3.0,E6.0,E10.0,E7.0,E2.0,E3.0,3E2.0,E4.0,E2.0)

 TOT. NO. OF OBS RECS:     2157
 TOT. NO. OF INDIVIDUALS:       39
0LENGTH OF THETA:  13
0DEFAULT THETA BOUNDARY TEST OMITTED:    NO
0OMEGA HAS BLOCK FORM:
  1
  0  2
  0  0  3
  0  0  0  4
  0  0  0  0  5
  0  0  0  0  0  6
  0  0  0  0  0  0  7
  0  0  0  0  0  0  0  8
  0  0  0  0  0  0  0  0  9
  0  0  0  0  0  0  0  0  0 10
  0  0  0  0  0  0  0  0  0  0 11
0DEFAULT OMEGA BOUNDARY TEST OMITTED:    NO
0SIGMA HAS BLOCK FORM:
  1
  0  2
  0  0  3
  0  0  0  4
  0  0  0  0  5
  0  0  0  0  0  6
0DEFAULT SIGMA BOUNDARY TEST OMITTED:    NO
0INITIAL ESTIMATE OF THETA:
 LOWER BOUND    INITIAL EST    UPPER BOUND
 -0.1000E+07     0.2000E+00     0.1000E+07
 -0.1000E+07     0.3000E+01     0.1000E+07
 -0.1000E+07     0.3000E+00     0.1000E+07
 -0.1000E+07     0.2000E+01     0.1000E+07
 -0.1000E+07     0.5000E+01     0.1000E+07
 -0.1000E+07     0.3000E+00     0.1000E+07
 -0.1000E+07     0.5000E-01     0.1000E+07
 -0.1000E+07     0.6000E+00     0.1000E+07
  0.7200E+00     0.7200E+00     0.7200E+00
 -0.1000E+07     0.3000E+00     0.1000E+07
 -0.1000E+07     0.1000E+03     0.1000E+07
  0.1000E+01     0.1000E+01     0.1000E+01
 -0.1000E+07     0.1000E+01     0.1000E+07
0INITIAL ESTIMATE OF OMEGA:
 BLOCK SET NO.   BLOCK                                                                    FIXED
        1                                                                                   NO
                  0.1000E+00
        2                                                                                   NO
                  0.3000E-01
        3                                                                                   NO
                  0.1000E+00
        4                                                                                  YES
                  0.0000E+00
        5                                                                                   NO
                  0.3000E-01
        6                                                                                   NO
                  0.1000E+00
        7                                                                                  YES
                  0.0000E+00
        8                                                                                  YES
                  0.0000E+00
        9                                                                                   NO
                  0.4000E-01
       10                                                                                  YES
                  0.0000E+00
       11                                                                                   NO
                  0.1000E+00
0INITIAL ESTIMATE OF SIGMA:
 BLOCK SET NO.   BLOCK                                                                    FIXED
        1                                                                                   NO
                  0.1000E-01
        2                                                                                  YES
                  0.0000E+00
        3                                                                                   NO
                  0.1000E-01
        4                                                                                  YES
                  0.0000E+00
        5                                                                                   NO
                  0.1000E-01
        6                                                                                   NO
                  0.2000E+02
0COVARIANCE STEP OMITTED:        NO
 R MATRIX SUBSTITUTED:           NO
 S MATRIX SUBSTITUTED:          YES
 EIGENVLS. PRINTED:             YES
 SPECIAL COMPUTATION:            NO
 COMPRESSED FORMAT:              NO
 GRADIENT METHOD USED:     NOSLOW
 SIGDIGITS ETAHAT (SIGLO):                  -1
 SIGDIGITS GRADIENTS (SIGL):                -1
 EXCLUDE COV FOR FOCE (NOFCOV):              NO
 TURN OFF Cholesky Transposition of R Matrix (CHOLROFF): NO
 KNUTHSUMOFF:                                -1
 RESUME COV ANALYSIS (RESUME):               NO
 SIR SAMPLE SIZE (SIRSAMPLE):              -1
 NON-LINEARLY TRANSFORM THETAS DURING COV (THBND): 1
 PRECONDTIONING CYCLES (PRECOND):        0
 PRECONDTIONING TYPES (PRECONDS):        TOS
 FORCED PRECONDTIONING CYCLES (PFCOND):0
 PRECONDTIONING TYPE (PRETYPE):        0
 FORCED POS. DEFINITE SETTING: (FPOSDEF):0
0TABLES STEP OMITTED:    NO
 NO. OF TABLES:           4
 SEED NUMBER (SEED):    11456
 RANMETHOD:             3U
 MC SAMPLES (ESAMPLE):    300
 WRES SQUARE ROOT TYPE (WRESCHOL): EIGENVALUE
0-- TABLE   1 --
0RECORDS ONLY:    ALL
04 COLUMNS APPENDED:    YES
 PRINTED:                NO
 HEADERS:               ONE
 FILE TO BE FORWARDED:   NO
 FORMAT:                S1PE11.4
 LFORMAT:
 RFORMAT:
 FIXED_EFFECT_ETAS:
0USER-CHOSEN ITEMS:
 ID TIME DV CMT MDV EVID IPRED CWRES IWRES
0-- TABLE   2 --
0RECORDS ONLY:    ALL
04 COLUMNS APPENDED:    YES
 PRINTED:                NO
 HEADERS:               ONE
 FILE TO BE FORWARDED:   NO
 FORMAT:                S1PE11.4
 LFORMAT:
 RFORMAT:
 FIXED_EFFECT_ETAS:
0USER-CHOSEN ITEMS:
 ID KA V CL KDEG PCSK9_0 KSS KINT KOUT LDLC_0 IMAX IC50
0-- TABLE   3 --
0RECORDS ONLY:    ALL
04 COLUMNS APPENDED:    YES
 PRINTED:                NO
 HEADERS:               ONE
 FILE TO BE FORWARDED:   NO
 FORMAT:                S1PE11.4
 LFORMAT:
 RFORMAT:
 FIXED_EFFECT_ETAS:
0USER-CHOSEN ITEMS:
 ID DOSEMG HEALTHY
0-- TABLE   4 --
0RECORDS ONLY:    ALL
04 COLUMNS APPENDED:    YES
 PRINTED:                NO
 HEADERS:               ONE
 FILE TO BE FORWARDED:   NO
 FORMAT:                S1PE11.4
 LFORMAT:
 RFORMAT:
 FIXED_EFFECT_ETAS:
0USER-CHOSEN ITEMS:
 ID
1DOUBLE PRECISION PREDPP VERSION 7.4.4

 GENERAL NONLINEAR KINETICS MODEL WITH STIFF/NONSTIFF EQUATIONS (LSODA, ADVAN13)
0MODEL SUBROUTINE USER-SUPPLIED - ID NO. 9999
0MAXIMUM NO. OF BASIC PK PARAMETERS:  12
0COMPARTMENT ATTRIBUTES
 COMPT. NO.   FUNCTION   INITIAL    ON/OFF      DOSE      DEFAULT    DEFAULT
                         STATUS     ALLOWED    ALLOWED    FOR DOSE   FOR OBS.
    1         DEPOT        ON         YES        YES        YES        YES
    2         TDA          ON         YES        YES        NO         NO
    3         TLC          ON         YES        NO         NO         NO
    4         CLDL         ON         YES        NO         NO         NO
    5         OUTPUT       OFF        YES        NO         NO         NO
 INITIAL (BASE) TOLERANCE SETTINGS:
 NRD (RELATIVE) VALUE(S) OF TOLERANCE:   6
 ANRD (ABSOLUTE) VALUE(S) OF TOLERANCE:  12
1
 ADDITIONAL PK PARAMETERS - ASSIGNMENT OF ROWS IN GG
 COMPT. NO.                             INDICES
              SCALE      BIOAVAIL.   ZERO-ORDER  ZERO-ORDER  ABSORB
                         FRACTION    RATE        DURATION    LAG
    1            *          13           *           *           *
    2            *           *           *           *           *
    3            *           -           -           -           -
    4            *           -           -           -           -
    5            *           -           -           -           -
             - PARAMETER IS NOT ALLOWED FOR THIS MODEL
             * PARAMETER IS NOT SUPPLIED BY PK SUBROUTINE;
               WILL DEFAULT TO ONE IF APPLICABLE
0DATA ITEM INDICES USED BY PRED ARE:
   EVENT ID DATA ITEM IS DATA ITEM NO.:      9
   TIME DATA ITEM IS DATA ITEM NO.:          2
   DOSE AMOUNT DATA ITEM IS DATA ITEM NO.:   4
   INTERVAL DATA ITEM IS DATA ITEM NO.:      6
   ADDL. DOSES DATA ITEM IS DATA ITEM NO.:   5
   COMPT. NO. DATA ITEM IS DATA ITEM NO.:    7

0PK SUBROUTINE CALLED WITH EVERY EVENT RECORD.
 PK SUBROUTINE CALLED AT NONEVENT (ADDITIONAL AND LAGGED) DOSE TIMES.
0PK SUBROUTINE INDICATES THAT COMPARTMENT AMOUNTS ARE INITIALIZED.
0ERROR SUBROUTINE CALLED WITH EVERY EVENT RECORD.
0ERROR SUBROUTINE INDICATES THAT DERIVATIVES OF COMPARTMENT AMOUNTS ARE USED.
0DES SUBROUTINE USES COMPACT STORAGE MODE.
1


 #TBLN:      1
 #METH: First Order Conditional Estimation with Interaction

 ESTIMATION STEP OMITTED:                 NO
 ANALYSIS TYPE:                           POPULATION
 NUMBER OF SADDLE POINT RESET ITERATIONS:      0
 GRADIENT METHOD USED:               NOSLOW
 CONDITIONAL ESTIMATES USED:              YES
 CENTERED ETA:                            NO
 EPS-ETA INTERACTION:                     YES
 LAPLACIAN OBJ. FUNC.:                    NO
 NO. OF FUNCT. EVALS. ALLOWED:            9999
 NO. OF SIG. FIGURES REQUIRED:            1
 INTERMEDIATE PRINTOUT:                   YES
 ESTIMATE OUTPUT TO MSF:                  NO
 ABORT WITH PRED EXIT CODE 1:             NO
 IND. OBJ. FUNC. VALUES SORTED:           NO
 NUMERICAL DERIVATIVE
       FILE REQUEST (NUMDER):               NONE
 MAP (ETAHAT) ESTIMATION METHOD (OPTMAP):   0
 ETA HESSIAN EVALUATION METHOD (ETADER):    0
 INITIAL ETA FOR MAP ESTIMATION (MCETA):    0
 SIGDIGITS FOR MAP ESTIMATION (SIGLO):      3
 GRADIENT SIGDIGITS OF
       FIXED EFFECTS PARAMETERS (SIGL):     3
 NOPRIOR SETTING (NOPRIOR):                 OFF
 NOCOV SETTING (NOCOV):                     OFF
 DERCONT SETTING (DERCONT):                 OFF
 FINAL ETA RE-EVALUATION (FNLETA):          ON
 EXCLUDE NON-INFLUENTIAL (NON-INFL.) ETAS
       IN SHRINKAGE (ETASTYPE):             NO
 NON-INFL. ETA CORRECTION (NONINFETA):      OFF
 RAW OUTPUT FILE (FILE): psn.ext
 EXCLUDE TITLE (NOTITLE):                   NO
 EXCLUDE COLUMN LABELS (NOLABEL):           NO
 FORMAT FOR ADDITIONAL FILES (FORMAT):      S1PE12.5
 PARAMETER ORDER FOR OUTPUTS (ORDER):       TSOL
 WISHART PRIOR DF INTERPRETATION (WISHTYPE):0
 KNUTHSUMOFF:                               0
 INCLUDE LNTWOPI:                           NO
 INCLUDE CONSTANT TERM TO PRIOR (PRIORC):   NO
 INCLUDE CONSTANT TERM TO OMEGA (ETA) (OLNTWOPI):NO
 ADDITIONAL CONVERGENCE TEST (CTYPE=4)?:    NO
 EM OR BAYESIAN METHOD USED:                 NONE

 TOLERANCES FOR ESTIMATION/EVALUATION STEP:
 NRD (RELATIVE) VALUE(S) OF TOLERANCE:   6
 ANRD (ABSOLUTE) VALUE(S) OF TOLERANCE:  12
 TOLERANCES FOR COVARIANCE STEP:
 NRD (RELATIVE) VALUE(S) OF TOLERANCE:   6
 ANRD (ABSOLUTE) VALUE(S) OF TOLERANCE:  12
 TOLERANCES FOR TABLE/SCATTER STEP:
 NRD (RELATIVE) VALUE(S) OF TOLERANCE:   6
 ANRD (ABSOLUTE) VALUE(S) OF TOLERANCE:  12

 THE FOLLOWING LABELS ARE EQUIVALENT
 PRED=PREDI
 RES=RESI
 WRES=WRESI
 IWRS=IWRESI
 IPRD=IPREDI
 IRS=IRESI

 MONITORING OF SEARCH:


0ITERATION NO.:    0    OBJECTIVE VALUE:   1086.38384609232        NO. OF FUNC. EVALS.:  17
 CUMULATIVE NO. OF FUNC. EVALS.:       17
 NPARAMETR:  2.0000E-01  3.0000E+00  3.0000E-01  2.0000E+00  5.0000E+00  3.0000E-01  5.0000E-02  6.0000E-01  3.0000E-01  1.0000E+02
             1.0000E+00  1.0000E-01  3.0000E-02  1.0000E-01  3.0000E-02  1.0000E-01  4.0000E-02  1.0000E-01  1.0000E-02  1.0000E-02
             1.0000E-02  2.0000E+01
 PARAMETER:  1.0000E-01  1.0000E-01  1.0000E-01  1.0000E-01  1.0000E-01  1.0000E-01  1.0000E-01  1.0000E-01  1.0000E-01  1.0000E-01
             1.0000E-01  1.0000E-01  1.0000E-01  1.0000E-01  1.0000E-01  1.0000E-01  1.0000E-01  1.0000E-01  1.0000E-01  1.0000E-01
             1.0000E-01  1.0000E-01
 GRADIENT:   2.6908E+04  5.8204E+04  2.2557E+04  4.7107E+04  8.3792E+04  1.6047E+04 -6.6126E+03  3.7331E+04  9.0146E+02  1.4575E+04
            -1.0856E+03  6.0060E+00 -3.1882E+01 -8.5615E+00 -8.5892E+01  7.9076E+00 -2.5084E+01 -5.8422E+01 -1.8210E+02 -1.1771E+02
            -1.4040E+01 -2.4579E+00

0ITERATION NO.:    5    OBJECTIVE VALUE:   967.649232640604        NO. OF FUNC. EVALS.: 249
 CUMULATIVE NO. OF FUNC. EVALS.:      266
 NPARAMETR:  2.2912E-01  2.7380E+00  2.9152E-01  2.1372E+00  6.0145E+00  2.9862E-01  5.2090E-02  6.5780E-01  3.0196E-01  1.1033E+02
             1.1867E+00  9.0167E-02  4.1977E-02  1.0911E-01  3.4615E-02  1.0385E-01  4.2187E-02  1.3273E-01  1.1032E-02  1.0551E-02
             1.0117E-02  2.0059E+01
 PARAMETER:  1.1456E-01  9.1265E-02  9.7174E-02  1.0686E-01  1.2029E-01  9.9539E-02  1.0418E-01  1.0963E-01  1.0065E-01  1.1033E-01
             1.1867E-01  4.8249E-02  2.6796E-01  1.4361E-01  1.7155E-01  1.1891E-01  1.2661E-01  2.4156E-01  1.4911E-01  1.2680E-01
             1.0580E-01  1.0147E-01
 GRADIENT:  -8.9674E+03 -1.1051E+04 -2.0016E+01 -2.8476E+04 -4.3604E+04 -8.6892E+03 -9.3399E+02 -1.8087E+04 -6.6129E+02 -8.0946E+03
            -9.3098E+02  1.5356E+01  2.0790E+00 -3.0529E+00 -4.9098E+01  2.5492E+00  8.5152E+00 -6.4323E+00 -8.6678E+00 -5.1288E+00
             5.6910E+00  6.0001E+00

0ITERATION NO.:   10    OBJECTIVE VALUE:   931.291831807944        NO. OF FUNC. EVALS.: 267
 CUMULATIVE NO. OF FUNC. EVALS.:      533
 NPARAMETR:  2.2698E-01  2.7782E+00  2.8349E-01  2.1131E+00  5.7933E+00  2.8633E-01  5.2697E-02  5.9055E-01  3.0411E-01  1.1269E+02
             1.3955E+00  7.3344E-02  4.0208E-02  1.1216E-01  4.1563E-02  8.8576E-02  3.8432E-02  1.3474E-01  1.1085E-02  1.0585E-02
             1.0070E-02  1.9404E+01
 PARAMETER:  1.1349E-01  9.2605E-02  9.4497E-02  1.0566E-01  1.1587E-01  9.5445E-02  1.0539E-01  9.8425E-02  1.0137E-01  1.1269E-01
             1.3955E-01 -5.5002E-02  2.4643E-01  1.5738E-01  2.6301E-01  3.9343E-02  8.0007E-02  2.4909E-01  1.5151E-01  1.2841E-01
             1.0351E-01  8.4883E-02
 GRADIENT:  -9.0413E+03 -1.0742E+04 -3.8025E+02 -3.0853E+04 -4.7564E+04 -1.0315E+04  3.2016E+03 -2.2914E+04 -2.3788E+02 -7.6835E+03
            -2.6595E+02  3.8438E+00 -7.7978E-01  6.2730E-02 -2.2611E+00  3.1841E+00  3.3118E+00  4.4722E+00  1.4939E+00 -4.1366E+00
            -1.1156E+00 -1.3690E-01

0ITERATION NO.:   14    OBJECTIVE VALUE:   925.428463227321        NO. OF FUNC. EVALS.: 205
 CUMULATIVE NO. OF FUNC. EVALS.:      738
 NPARAMETR:  2.2752E-01  2.7189E+00  2.7633E-01  2.1152E+00  5.8852E+00  2.6655E-01  5.2793E-02  5.8211E-01  3.0411E-01  1.1340E+02
             1.4093E+00  7.0834E-02  4.0264E-02  1.1233E-01  4.2014E-02  8.6357E-02  3.7548E-02  1.2717E-01  1.1073E-02  1.0596E-02
             1.0078E-02  1.9409E+01
 PARAMETER:  1.1375E-01  9.0438E-02  9.2055E-02  1.0571E-01  1.1765E-01  8.8637E-02  1.0564E-01  9.7075E-02  1.0152E-01  1.1317E-01
             1.4084E-01 -7.1854E-02  2.4756E-01  1.5827E-01  2.6818E-01  2.9822E-02  6.8917E-02  2.2139E-01  1.5097E-01  1.2895E-01
             1.0386E-01  8.5023E-02
 GRADIENT:  -1.1556E+01 -4.3750E+03 -6.5510E+01 -7.0982E+02 -1.5508E+02 -4.8674E+03  4.1906E+03  1.3916E+02  4.7961E+03 -4.4800E+03
            -4.1346E+01  1.2856E+00  8.4176E-01  3.3015E-01 -6.9203E-01  8.7891E+00  1.5987E+00  2.0590E+00  1.0945E+00 -7.8371E-01
            -3.0099E-01  7.8185E-02
 NUMSIGDIG:         2.9         1.4         2.0         2.0         2.0         1.4         1.9         1.9         1.5         1.4
                    1.9         0.9         1.4         1.7         1.8         0.2         0.9         0.9         2.4         2.6
                    2.7         2.7

 #TERM:
0MINIMIZATION TERMINATED
 DUE TO ROUNDING ERRORS (ERROR=134)
 NO. OF FUNCTION EVALUATIONS USED:      738
 NO. OF SIG. DIGITS IN FINAL EST.:  0.2
 ADDITIONAL PROBLEMS OCCURRED WITH THE MINIMIZATION.
 REGARD THE RESULTS OF THE ESTIMATION STEP CAREFULLY, AND ACCEPT THEM ONLY
 AFTER CHECKING THAT THE COVARIANCE STEP PRODUCES REASONABLE OUTPUT.

 ETABAR IS THE ARITHMETIC MEAN OF THE ETA-ESTIMATES,
 AND THE P-VALUE IS GIVEN FOR THE NULL HYPOTHESIS THAT THE TRUE MEAN IS 0.

 ETABAR:         1.8279E-03 -1.6584E-02  3.1212E-03  0.0000E+00  6.9994E-03 -2.0634E-02  0.0000E+00  0.0000E+00 -3.9213E-04  0.0000E+00
                 7.3180E-03
 SE:             3.9614E-02  2.8113E-02  4.5552E-02  0.0000E+00  3.2497E-02  4.3668E-02  0.0000E+00  0.0000E+00  3.0199E-02  0.0000E+00
                 4.7335E-02
 N:                      39          39          39          39          39          39          39          39          39          39
                         39

 P VAL.:         9.6320E-01  5.5526E-01  9.4537E-01  1.0000E+00  8.2946E-01  6.3656E-01  1.0000E+00  1.0000E+00  9.8964E-01  1.0000E+00
                 8.7714E-01

 ETASHRINKSD(%)  5.8857E+00  1.1401E+01  1.4024E+01  1.0000E+02  1.0000E-10  6.2838E+00  1.0000E+02  1.0000E+02  1.4564E+00  1.0000E+02
                 1.6124E+01
 ETASHRINKVR(%)  1.1425E+01  2.1502E+01  2.6081E+01  1.0000E+02  1.0000E-10  1.2173E+01  1.0000E+02  1.0000E+02  2.8916E+00  1.0000E+02
                 2.9648E+01
 EBVSHRINKSD(%)  6.9986E+00  1.2232E+01  1.5924E+01  0.0000E+00  1.3891E+00  1.6127E+00  0.0000E+00  0.0000E+00  1.5444E+00  0.0000E+00
                 1.5751E+01
 EBVSHRINKVR(%)  1.3507E+01  2.2968E+01  2.9312E+01  0.0000E+00  2.7588E+00  3.1995E+00  0.0000E+00  0.0000E+00  3.0649E+00  0.0000E+00
                 2.9022E+01
 EPSSHRINKSD(%)  6.5409E+00  1.0000E+02  5.9585E+00  1.0000E+02  4.2882E+00  4.2882E+00
 EPSSHRINKVR(%)  1.2654E+01  1.0000E+02  1.1562E+01  1.0000E+02  8.3926E+00  8.3926E+00

  
 TOTAL DATA POINTS NORMALLY DISTRIBUTED (N):         2157
 N*LOG(2PI) CONSTANT TO OBJECTIVE FUNCTION:    3964.3008322449577     
 OBJECTIVE FUNCTION VALUE WITHOUT CONSTANT:    925.42846322732066     
 OBJECTIVE FUNCTION VALUE WITH CONSTANT:       4889.7292954722780     
 REPORTED OBJECTIVE FUNCTION DOES NOT CONTAIN CONSTANT
  
 TOTAL EFFECTIVE ETAS (NIND*NETA):                           273
  
 #TERE:
 Elapsed estimation  time in seconds:   697.22
 Elapsed covariance  time in seconds:    38.65
 Elapsed postprocess time in seconds:     1.93
1
 
 
 
 
 
 
 
 
 
 
 
 
 
 
 
 
 
 
 
 
 ************************************************************************************************************************
 ********************                                                                                ********************
 ********************               FIRST ORDER CONDITIONAL ESTIMATION WITH INTERACTION              ********************
 #OBJT:**************                       MINIMUM VALUE OF OBJECTIVE FUNCTION                      ********************
 ********************                                                                                ********************
 ************************************************************************************************************************
 





 #OBJV:********************************************      925.428       **************************************************
1
 ************************************************************************************************************************
 ********************                                                                                ********************
 ********************               FIRST ORDER CONDITIONAL ESTIMATION WITH INTERACTION              ********************
 ********************                             FINAL PARAMETER ESTIMATE                           ********************
 ********************                                                                                ********************
 ************************************************************************************************************************
 


 THETA - VECTOR OF FIXED EFFECTS PARAMETERS   *********


         TH 1      TH 2      TH 3      TH 4      TH 5      TH 6      TH 7      TH 8      TH 9      TH10      TH11      TH12     
          TH13     
 
         2.28E-01  2.71E+00  2.76E-01  2.11E+00  5.88E+00  2.66E-01  5.28E-02  5.82E-01  7.20E-01  3.05E-01  1.13E+02  1.00E+00
          1.41E+00
 


 OMEGA - COV MATRIX FOR RANDOM EFFECTS - ETAS  ********


         ETA1      ETA2      ETA3      ETA4      ETA5      ETA6      ETA7      ETA8      ETA9      ET10      ET11     
 
 ETA1
+        7.09E-02
 
 ETA2
+        0.00E+00  4.03E-02
 
 ETA3
+        0.00E+00  0.00E+00  1.12E-01
 
 ETA4
+        0.00E+00  0.00E+00  0.00E+00  0.00E+00
 
 ETA5
+        0.00E+00  0.00E+00  0.00E+00  0.00E+00  4.20E-02
 
 ETA6
+        0.00E+00  0.00E+00  0.00E+00  0.00E+00  0.00E+00  8.69E-02
 
 ETA7
+        0.00E+00  0.00E+00  0.00E+00  0.00E+00  0.00E+00  0.00E+00  0.00E+00
 
 ETA8
+        0.00E+00  0.00E+00  0.00E+00  0.00E+00  0.00E+00  0.00E+00  0.00E+00  0.00E+00
 
 ETA9
+        0.00E+00  0.00E+00  0.00E+00  0.00E+00  0.00E+00  0.00E+00  0.00E+00  0.00E+00  3.76E-02
 
 ET10
+        0.00E+00  0.00E+00  0.00E+00  0.00E+00  0.00E+00  0.00E+00  0.00E+00  0.00E+00  0.00E+00  0.00E+00
 
 ET11
+        0.00E+00  0.00E+00  0.00E+00  0.00E+00  0.00E+00  0.00E+00  0.00E+00  0.00E+00  0.00E+00  0.00E+00  1.27E-01
 


 SIGMA - COV MATRIX FOR RANDOM EFFECTS - EPSILONS  ****


         EPS1      EPS2      EPS3      EPS4      EPS5      EPS6     
 
 EPS1
+        1.11E-02
 
 EPS2
+        0.00E+00  0.00E+00
 
1

         EPS1      EPS2      EPS3      EPS4      EPS5      EPS6     
 
 EPS3
+        0.00E+00  0.00E+00  1.06E-02
 
 EPS4
+        0.00E+00  0.00E+00  0.00E+00  0.00E+00
 
 EPS5
+        0.00E+00  0.00E+00  0.00E+00  0.00E+00  1.01E-02
 
 EPS6
+        0.00E+00  0.00E+00  0.00E+00  0.00E+00  0.00E+00  1.94E+01
 
1


 OMEGA - CORR MATRIX FOR RANDOM EFFECTS - ETAS  *******


         ETA1      ETA2      ETA3      ETA4      ETA5      ETA6      ETA7      ETA8      ETA9      ET10      ET11     
 
 ETA1
+        2.66E-01
 
 ETA2
+        0.00E+00  2.01E-01
 
 ETA3
+        0.00E+00  0.00E+00  3.35E-01
 
 ETA4
+        0.00E+00  0.00E+00  0.00E+00  0.00E+00
 
 ETA5
+        0.00E+00  0.00E+00  0.00E+00  0.00E+00  2.05E-01
 
 ETA6
+        0.00E+00  0.00E+00  0.00E+00  0.00E+00  0.00E+00  2.95E-01
 
 ETA7
+        0.00E+00  0.00E+00  0.00E+00  0.00E+00  0.00E+00  0.00E+00  0.00E+00
 
 ETA8
+        0.00E+00  0.00E+00  0.00E+00  0.00E+00  0.00E+00  0.00E+00  0.00E+00  0.00E+00
 
 ETA9
+        0.00E+00  0.00E+00  0.00E+00  0.00E+00  0.00E+00  0.00E+00  0.00E+00  0.00E+00  1.94E-01
 
 ET10
+        0.00E+00  0.00E+00  0.00E+00  0.00E+00  0.00E+00  0.00E+00  0.00E+00  0.00E+00  0.00E+00  0.00E+00
 
 ET11
+        0.00E+00  0.00E+00  0.00E+00  0.00E+00  0.00E+00  0.00E+00  0.00E+00  0.00E+00  0.00E+00  0.00E+00  3.57E-01
 


 SIGMA - CORR MATRIX FOR RANDOM EFFECTS - EPSILONS  ***


         EPS1      EPS2      EPS3      EPS4      EPS5      EPS6     
 
 EPS1
+        1.05E-01
 
 EPS2
+        0.00E+00  0.00E+00
 
 EPS3
+        0.00E+00  0.00E+00  1.03E-01
 
 EPS4
+        0.00E+00  0.00E+00  0.00E+00  0.00E+00
 
 EPS5
+        0.00E+00  0.00E+00  0.00E+00  0.00E+00  1.00E-01
 
 EPS6
+        0.00E+00  0.00E+00  0.00E+00  0.00E+00  0.00E+00  4.41E+00
 
1
 ************************************************************************************************************************
 ********************                                                                                ********************
 ********************               FIRST ORDER CONDITIONAL ESTIMATION WITH INTERACTION              ********************
 ********************                            STANDARD ERROR OF ESTIMATE                          ********************
 ********************                                                                                ********************
 ************************************************************************************************************************
 


 THETA - VECTOR OF FIXED EFFECTS PARAMETERS   *********


         TH 1      TH 2      TH 3      TH 4      TH 5      TH 6      TH 7      TH 8      TH 9      TH10      TH11      TH12     
          TH13     
 
         1.74E-02  1.54E-01  3.70E-02  6.66E-02  4.28E-01  1.92E-02  5.45E-04  5.30E-02 .........  7.20E-03  5.33E+00 .........
          1.77E-01
 


 OMEGA - COV MATRIX FOR RANDOM EFFECTS - ETAS  ********


         ETA1      ETA2      ETA3      ETA4      ETA5      ETA6      ETA7      ETA8      ETA9      ET10      ET11     
 
 ETA1
+        3.76E-02
 
 ETA2
+       .........  2.38E-02
 
 ETA3
+       ......... .........  4.82E-02
 
 ETA4
+       ......... ......... ......... .........
 
 ETA5
+       ......... ......... ......... .........  2.18E-02
 
 ETA6
+       ......... ......... ......... ......... .........  3.67E-02
 
 ETA7
+       ......... ......... ......... ......... ......... ......... .........
 
 ETA8
+       ......... ......... ......... ......... ......... ......... ......... .........
 
 ETA9
+       ......... ......... ......... ......... ......... ......... ......... .........  1.35E-02
 
 ET10
+       ......... ......... ......... ......... ......... ......... ......... ......... ......... .........
 
 ET11
+       ......... ......... ......... ......... ......... ......... ......... ......... ......... .........  5.35E-02
 


 SIGMA - COV MATRIX FOR RANDOM EFFECTS - EPSILONS  ****


         EPS1      EPS2      EPS3      EPS4      EPS5      EPS6     
 
 EPS1
+        1.08E-03
 
 EPS2
+       ......... .........
 
1

         EPS1      EPS2      EPS3      EPS4      EPS5      EPS6     
 
 EPS3
+       ......... .........  9.00E-04
 
 EPS4
+       ......... ......... ......... .........
 
 EPS5
+       ......... ......... ......... .........  1.54E-03
 
 EPS6
+       ......... ......... ......... ......... .........  6.02E+00
 
1


 OMEGA - CORR MATRIX FOR RANDOM EFFECTS - ETAS  *******


         ETA1      ETA2      ETA3      ETA4      ETA5      ETA6      ETA7      ETA8      ETA9      ET10      ET11     
 
 ETA1
+        7.06E-02
 
 ETA2
+       .........  5.93E-02
 
 ETA3
+       ......... .........  7.19E-02
 
 ETA4
+       ......... ......... ......... .........
 
 ETA5
+       ......... ......... ......... .........  5.31E-02
 
 ETA6
+       ......... ......... ......... ......... .........  6.22E-02
 
 ETA7
+       ......... ......... ......... ......... ......... ......... .........
 
 ETA8
+       ......... ......... ......... ......... ......... ......... ......... .........
 
 ETA9
+       ......... ......... ......... ......... ......... ......... ......... .........  3.47E-02
 
 ET10
+       ......... ......... ......... ......... ......... ......... ......... ......... ......... .........
 
 ET11
+       ......... ......... ......... ......... ......... ......... ......... ......... ......... .........  7.49E-02
 


 SIGMA - CORR MATRIX FOR RANDOM EFFECTS - EPSILONS  ***


         EPS1      EPS2      EPS3      EPS4      EPS5      EPS6     
 
 EPS1
+        5.15E-03
 
 EPS2
+       ......... .........
 
 EPS3
+       ......... .........  4.37E-03
 
 EPS4
+       ......... ......... ......... .........
 
 EPS5
+       ......... ......... ......... .........  7.69E-03
 
 EPS6
+       ......... ......... ......... ......... .........  6.83E-01
 
1
 ************************************************************************************************************************
 ********************                                                                                ********************
 ********************               FIRST ORDER CONDITIONAL ESTIMATION WITH INTERACTION              ********************
 ********************                          COVARIANCE MATRIX OF ESTIMATE                         ********************
 ********************                                                                                ********************
 ************************************************************************************************************************
 

     TH 1 | TH 1      TH 2 | TH 1      TH 2 | TH 2      TH 3 | TH 1      TH 3 | TH 2      TH 3 | TH 3      TH 4 | TH 1  
       3.04E-04        -4.44E-04         2.36E-02        -1.94E-05         2.25E-03         1.37E-03         3.18E-04

     TH 4 | TH 2      TH 4 | TH 3      TH 4 | TH 4      TH 5 | TH 1      TH 5 | TH 2      TH 5 | TH 3      TH 5 | TH 4  
      -6.29E-03        -1.61E-03         4.43E-03        -2.44E-03         1.78E-02         6.11E-03        -1.44E-02

     TH 5 | TH 5      TH 6 | TH 1      TH 6 | TH 2      TH 6 | TH 3      TH 6 | TH 4      TH 6 | TH 5      TH 6 | TH 6  
       1.83E-01        -2.65E-04         9.64E-04         2.16E-04        -6.80E-04         3.63E-03         3.68E-04

     TH 7 | TH 1      TH 7 | TH 2      TH 7 | TH 3      TH 7 | TH 4      TH 7 | TH 5      TH 7 | TH 6      TH 7 | TH 7  
       3.42E-07        -2.50E-05        -5.61E-06         1.63E-05        -5.72E-05        -3.00E-06         2.98E-07

     TH 8 | TH 1      TH 8 | TH 2      TH 8 | TH 3      TH 8 | TH 4      TH 8 | TH 5      TH 8 | TH 6      TH 8 | TH 7  
      -1.66E-04         1.26E-03        -4.24E-04         2.95E-04        -1.26E-02        -4.25E-05         7.22E-06

     TH 8 | TH 8      TH10 | TH 1      TH10 | TH 2      TH10 | TH 3      TH10 | TH 4      TH10 | TH 5      TH10 | TH 6  
       2.81E-03        -3.80E-06        -2.49E-04        -1.11E-04         2.10E-04        -5.58E-04        -1.89E-05

     TH10 | TH 7      TH10 | TH 8      TH10 | TH10      TH11 | TH 1      TH11 | TH 2      TH11 | TH 3      TH11 | TH 4  
       1.05E-06        -2.45E-06         5.19E-05        -5.41E-02        -1.16E-01        -6.58E-02         8.62E-02

     TH11 | TH 5      TH11 | TH 6      TH11 | TH 7      TH11 | TH 8      TH11 | TH10      TH11 | TH11      TH13 | TH 1  
      -1.09E-01        -3.02E-03         9.00E-04         1.04E-01         8.52E-03         2.84E+01         1.65E-03

     TH13 | TH 2      TH13 | TH 3      TH13 | TH 4      TH13 | TH 5      TH13 | TH 6      TH13 | TH 7      TH13 | TH 8  
      -5.69E-03         1.63E-03         1.88E-03        -7.27E-03        -8.24E-04        -2.27E-06        -3.17E-03

     TH13 | TH10      TH13 | TH11      TH13 | TH13    OM0101 | TH 1    OM0101 | TH 2    OM0101 | TH 3    OM0101 | TH 4  
      -1.75E-05        -5.34E-01         3.13E-02         2.50E-04         3.24E-04         3.15E-04         3.05E-04

   OM0101 | TH 5    OM0101 | TH 6    OM0101 | TH 7    OM0101 | TH 8    OM0101 | TH10    OM0101 | TH11    OM0101 | TH13  
       5.64E-04        -2.31E-04         3.19E-06        -3.88E-04         3.27E-06        -4.43E-02         2.71E-03

   OM0101 | OM0101  OM0202 | TH 1    OM0202 | TH 2    OM0202 | TH 3    OM0202 | TH 4    OM0202 | TH 5    OM0202 | TH 6  
       1.41E-03        -2.18E-04         8.28E-04         1.38E-04        -6.26E-04         1.92E-03         2.71E-04

   OM0202 | TH 7    OM0202 | TH 8    OM0202 | TH10    OM0202 | TH11    OM0202 | TH13    OM0202 | OM0101  OM0202 | OM0202
      -2.89E-06         2.25E-05        -1.26E-05         1.03E-02        -9.73E-04        -4.80E-04         5.67E-04

   OM0303 | TH 1    OM0303 | TH 2    OM0303 | TH 3    OM0303 | TH 4    OM0303 | TH 5    OM0303 | TH 6    OM0303 | TH 7  
       3.87E-05        -5.76E-04        -1.57E-04         1.32E-04        -2.63E-04         2.53E-06         2.73E-07

   OM0303 | TH 8    OM0303 | TH10    OM0303 | TH11    OM0303 | TH13    OM0303 | OM0101  OM0303 | OM0202  OM0303 | OM0303
      -1.53E-04         5.77E-06        -3.22E-02         5.95E-04        -4.35E-05        -9.38E-05         2.32E-03

   OM0505 | TH 1    OM0505 | TH 2    OM0505 | TH 3    OM0505 | TH 4    OM0505 | TH 5    OM0505 | TH 6    OM0505 | TH 7  
       1.39E-04        -3.26E-04         1.08E-04         4.22E-05        -4.30E-04        -3.04E-05        -1.48E-06

   OM0505 | TH 8    OM0505 | TH10    OM0505 | TH11    OM0505 | TH13    OM0505 | OM0101  OM0505 | OM0202  OM0505 | OM0303
      -5.84E-04         2.70E-05        -6.14E-02         1.90E-03         1.71E-04         4.84E-06         1.55E-04

   OM0505 | OM0505  OM0606 | TH 1    OM0606 | TH 2    OM0606 | TH 3    OM0606 | TH 4    OM0606 | TH 5    OM0606 | TH 6  
       4.74E-04        -9.52E-05         1.04E-04         3.29E-04        -1.40E-04         4.25E-03         1.66E-04

   OM0606 | TH 7    OM0606 | TH 8    OM0606 | TH10    OM0606 | TH11    OM0606 | TH13    OM0606 | OM0101  OM0606 | OM0202
      -3.37E-06        -2.31E-04         7.33E-06        -1.10E-02         3.96E-04        -2.57E-04         1.52E-04

   OM0606 | OM0303  OM0606 | OM0505  OM0606 | OM0606  OM0909 | TH 1    OM0909 | TH 2    OM0909 | TH 3    OM0909 | TH 4  
       3.39E-05         6.31E-05         1.35E-03        -3.29E-05         3.43E-04         7.99E-05        -2.27E-04

   OM0909 | TH 5    OM0909 | TH 6    OM0909 | TH 7    OM0909 | TH 8    OM0909 | TH10    OM0909 | TH11    OM0909 | TH13  
       1.26E-03         3.51E-05        -3.66E-07         1.79E-04        -2.72E-05         4.61E-03        -5.41E-04

   OM0909 | OM0101  OM0909 | OM0202  OM0909 | OM0303  OM0909 | OM0505  OM0909 | OM0606  OM0909 | OM0909  OM1111 | TH 1  
      -4.00E-06        -3.64E-05         8.80E-05        -1.48E-04         1.62E-05         1.81E-04         5.91E-05

   OM1111 | TH 2    OM1111 | TH 3    OM1111 | TH 4    OM1111 | TH 5    OM1111 | TH 6    OM1111 | TH 7    OM1111 | TH 8  
      -8.87E-04        -1.48E-05         6.56E-04        -1.51E-03         1.20E-05        -7.26E-06        -7.27E-04

   OM1111 | TH10    OM1111 | TH11    OM1111 | TH13    OM1111 | OM0101  OM1111 | OM0202  OM1111 | OM0303  OM1111 | OM0505
       6.03E-05        -3.26E-02         3.05E-03         1.34E-04         1.29E-04        -5.77E-04         2.12E-04

   OM1111 | OM0606  OM1111 | OM0909  OM1111 | OM1111  SG0101 | TH 1    SG0101 | TH 2    SG0101 | TH 3    SG0101 | TH 4  
       2.29E-04        -1.73E-04         2.86E-03         4.76E-06        -4.67E-05        -1.36E-05         3.36E-05

   SG0101 | TH 5    SG0101 | TH 6    SG0101 | TH 7    SG0101 | TH 8    SG0101 | TH10    SG0101 | TH11    SG0101 | TH13  
      -1.24E-04        -6.87E-06         1.50E-07        -4.53E-06         2.73E-06        -3.96E-05         4.03E-05

   SG0101 | OM0101  SG0101 | OM0202  SG0101 | OM0303  SG0101 | OM0505  SG0101 | OM0606  SG0101 | OM0909  SG0101 | OM1111
       1.38E-05        -9.32E-06         1.38E-05         5.31E-06        -9.11E-06        -2.67E-06         9.88E-07

   SG0101 | SG0101  SG0303 | TH 1    SG0303 | TH 2    SG0303 | TH 3    SG0303 | TH 4    SG0303 | TH 5    SG0303 | TH 6  
       1.18E-06         2.87E-06        -2.38E-05         5.85E-06         1.42E-06        -1.27E-05         1.45E-07

   SG0303 | TH 7    SG0303 | TH 8    SG0303 | TH10    SG0303 | TH11    SG0303 | TH13    SG0303 | OM0101  SG0303 | OM0202
      -8.57E-09        -4.72E-06        -8.49E-07        -1.38E-03         5.46E-05        -4.47E-06         1.98E-06

   SG0303 | OM0303  SG0303 | OM0505  SG0303 | OM0606  SG0303 | OM0909  SG0303 | OM1111  SG0303 | SG0101  SG0303 | SG0303
      -1.17E-05         8.59E-07         8.93E-06        -1.13E-06         8.61E-06        -1.68E-07         8.10E-07

   SG0505 | TH 1    SG0505 | TH 2    SG0505 | TH 3    SG0505 | TH 4    SG0505 | TH 5    SG0505 | TH 6    SG0505 | TH 7  
      -1.08E-06         3.33E-05         8.82E-06        -1.03E-05         1.37E-04         5.13E-07        -7.94E-08

   SG0505 | TH 8    SG0505 | TH10    SG0505 | TH11    SG0505 | TH13    SG0505 | OM0101  SG0505 | OM0202  SG0505 | OM0303
       8.90E-07         1.44E-07         5.00E-04        -6.24E-05        -6.43E-06        -2.71E-06         9.93E-06

   SG0505 | OM0505  SG0505 | OM0606  SG0505 | OM0909  SG0505 | OM1111  SG0505 | SG0101  SG0505 | SG0303  SG0505 | SG0505
      -1.04E-06         1.91E-05         7.02E-06        -2.03E-05         3.07E-08        -1.67E-07         2.38E-06

   SG0606 | TH 1    SG0606 | TH 2    SG0606 | TH 3    SG0606 | TH 4    SG0606 | TH 5    SG0606 | TH 6    SG0606 | TH 7  
      -2.60E-02        -6.74E-02        -5.70E-02         4.21E-02        -4.92E-01         7.34E-03        -5.35E-05

   SG0606 | TH 8    SG0606 | TH10    SG0606 | TH11    SG0606 | TH13    SG0606 | OM0101  SG0606 | OM0202  SG0606 | OM0303
       5.07E-02        -1.56E-04         1.03E+01        -2.72E-01        -6.95E-02         2.79E-02        -3.33E-02

   SG0606 | OM0505  SG0606 | OM0606  SG0606 | OM0909  SG0606 | OM1111  SG0606 | SG0101  SG0606 | SG0303  SG0606 | SG0505
      -2.78E-02        -2.42E-02        -1.97E-02         5.02E-02        -1.13E-03        -1.38E-04        -5.80E-03

   SG0606 | SG0606  
       3.62E+01
1
 ************************************************************************************************************************
 ********************                                                                                ********************
 ********************               FIRST ORDER CONDITIONAL ESTIMATION WITH INTERACTION              ********************
 ********************                          CORRELATION MATRIX OF ESTIMATE                        ********************
 ********************                                                                                ********************
 ************************************************************************************************************************
 

     TH 1 | TH 1      TH 2 | TH 1      TH 2 | TH 2      TH 3 | TH 1      TH 3 | TH 2      TH 3 | TH 3      TH 4 | TH 1  
       1.74E-02        -1.66E-01         1.54E-01        -3.02E-02         3.95E-01         3.70E-02         2.74E-01

     TH 4 | TH 2      TH 4 | TH 3      TH 4 | TH 4      TH 5 | TH 1      TH 5 | TH 2      TH 5 | TH 3      TH 5 | TH 4  
      -6.16E-01        -6.54E-01         6.66E-02        -3.28E-01         2.71E-01         3.87E-01        -5.05E-01

     TH 5 | TH 5      TH 6 | TH 1      TH 6 | TH 2      TH 6 | TH 3      TH 6 | TH 4      TH 6 | TH 5      TH 6 | TH 6  
       4.28E-01        -7.94E-01         3.27E-01         3.05E-01        -5.33E-01         4.43E-01         1.92E-02

     TH 7 | TH 1      TH 7 | TH 2      TH 7 | TH 3      TH 7 | TH 4      TH 7 | TH 5      TH 7 | TH 6      TH 7 | TH 7  
       3.60E-02        -2.99E-01        -2.78E-01         4.48E-01        -2.45E-01        -2.87E-01         5.45E-04

     TH 8 | TH 1      TH 8 | TH 2      TH 8 | TH 3      TH 8 | TH 4      TH 8 | TH 5      TH 8 | TH 6      TH 8 | TH 7  
      -1.79E-01         1.54E-01        -2.16E-01         8.34E-02        -5.55E-01        -4.18E-02         2.50E-01

     TH 8 | TH 8      TH10 | TH 1      TH10 | TH 2      TH10 | TH 3      TH10 | TH 4      TH10 | TH 5      TH10 | TH 6  
       5.30E-02        -3.03E-02        -2.25E-01        -4.17E-01         4.38E-01        -1.81E-01        -1.37E-01

     TH10 | TH 7      TH10 | TH 8      TH10 | TH10      TH11 | TH 1      TH11 | TH 2      TH11 | TH 3      TH11 | TH 4  
       2.67E-01        -6.41E-03         7.20E-03        -5.83E-01        -1.42E-01        -3.34E-01         2.43E-01

     TH11 | TH 5      TH11 | TH 6      TH11 | TH 7      TH11 | TH 8      TH11 | TH10      TH11 | TH11      TH13 | TH 1  
      -4.79E-02        -2.95E-02         3.10E-01         3.69E-01         2.22E-01         5.33E+00         5.35E-01

     TH13 | TH 2      TH13 | TH 3      TH13 | TH 4      TH13 | TH 5      TH13 | TH 6      TH13 | TH 7      TH13 | TH 8  
      -2.10E-01         2.50E-01         1.60E-01        -9.61E-02        -2.43E-01        -2.35E-02        -3.38E-01

     TH13 | TH10      TH13 | TH11      TH13 | TH13    OM0101 | TH 1    OM0101 | TH 2    OM0101 | TH 3    OM0101 | TH 4  
      -1.37E-02        -5.67E-01         1.77E-01         3.81E-01         5.61E-02         2.26E-01         1.22E-01

   OM0101 | TH 5    OM0101 | TH 6    OM0101 | TH 7    OM0101 | TH 8    OM0101 | TH10    OM0101 | TH11    OM0101 | TH13  
       3.51E-02        -3.20E-01         1.56E-01        -1.94E-01         1.21E-02        -2.21E-01         4.07E-01

   OM0101 | OM0101  OM0202 | TH 1    OM0202 | TH 2    OM0202 | TH 3    OM0202 | TH 4    OM0202 | TH 5    OM0202 | TH 6  
       3.76E-02        -5.25E-01         2.26E-01         1.57E-01        -3.95E-01         1.88E-01         5.94E-01

   OM0202 | TH 7    OM0202 | TH 8    OM0202 | TH10    OM0202 | TH11    OM0202 | TH13    OM0202 | OM0101  OM0202 | OM0202
      -2.22E-01         1.78E-02        -7.35E-02         8.15E-02        -2.31E-01        -5.36E-01         2.38E-02

   OM0303 | TH 1    OM0303 | TH 2    OM0303 | TH 3    OM0303 | TH 4    OM0303 | TH 5    OM0303 | TH 6    OM0303 | TH 7  
       4.61E-02        -7.79E-02        -8.80E-02         4.11E-02        -1.28E-02         2.74E-03         1.04E-02

   OM0303 | TH 8    OM0303 | TH10    OM0303 | TH11    OM0303 | TH13    OM0303 | OM0101  OM0303 | OM0202  OM0303 | OM0303
      -5.97E-02         1.66E-02        -1.25E-01         6.97E-02        -2.40E-02        -8.18E-02         4.82E-02

   OM0505 | TH 1    OM0505 | TH 2    OM0505 | TH 3    OM0505 | TH 4    OM0505 | TH 5    OM0505 | TH 6    OM0505 | TH 7  
       3.66E-01        -9.75E-02         1.34E-01         2.91E-02        -4.62E-02        -7.28E-02        -1.25E-01

   OM0505 | TH 8    OM0505 | TH10    OM0505 | TH11    OM0505 | TH13    OM0505 | OM0101  OM0505 | OM0202  OM0505 | OM0303
      -5.05E-01         1.72E-01        -5.29E-01         4.92E-01         2.09E-01         9.33E-03         1.47E-01

   OM0505 | OM0505  OM0606 | TH 1    OM0606 | TH 2    OM0606 | TH 3    OM0606 | TH 4    OM0606 | TH 5    OM0606 | TH 6  
       2.18E-02        -1.49E-01         1.84E-02         2.42E-01        -5.75E-02         2.71E-01         2.36E-01

   OM0606 | TH 7    OM0606 | TH 8    OM0606 | TH10    OM0606 | TH11    OM0606 | TH13    OM0606 | OM0101  OM0606 | OM0202
      -1.68E-01        -1.19E-01         2.77E-02        -5.65E-02         6.11E-02        -1.86E-01         1.74E-01

   OM0606 | OM0303  OM0606 | OM0505  OM0606 | OM0606  OM0909 | TH 1    OM0909 | TH 2    OM0909 | TH 3    OM0909 | TH 4  
       1.92E-02         7.89E-02         3.67E-02        -1.40E-01         1.66E-01         1.61E-01        -2.53E-01

   OM0909 | TH 5    OM0909 | TH 6    OM0909 | TH 7    OM0909 | TH 8    OM0909 | TH10    OM0909 | TH11    OM0909 | TH13  
       2.19E-01         1.36E-01        -4.98E-02         2.51E-01        -2.81E-01         6.43E-02        -2.27E-01

   OM0909 | OM0101  OM0909 | OM0202  OM0909 | OM0303  OM0909 | OM0505  OM0909 | OM0606  OM0909 | OM0909  OM1111 | TH 1  
      -7.90E-03        -1.14E-01         1.36E-01        -5.04E-01         3.29E-02         1.35E-02         6.34E-02

   OM1111 | TH 2    OM1111 | TH 3    OM1111 | TH 4    OM1111 | TH 5    OM1111 | TH 6    OM1111 | TH 7    OM1111 | TH 8  
      -1.08E-01        -7.48E-03         1.84E-01        -6.62E-02         1.17E-02        -2.49E-01        -2.56E-01

   OM1111 | TH10    OM1111 | TH11    OM1111 | TH13    OM1111 | OM0101  OM1111 | OM0202  OM1111 | OM0303  OM1111 | OM0505
       1.57E-01        -1.14E-01         3.23E-01         6.67E-02         1.01E-01        -2.24E-01         1.82E-01

   OM1111 | OM0606  OM1111 | OM0909  OM1111 | OM1111  SG0101 | TH 1    SG0101 | TH 2    SG0101 | TH 3    SG0101 | TH 4  
       1.16E-01        -2.40E-01         5.35E-02         2.52E-01        -2.80E-01        -3.39E-01         4.66E-01

   SG0101 | TH 5    SG0101 | TH 6    SG0101 | TH 7    SG0101 | TH 8    SG0101 | TH10    SG0101 | TH11    SG0101 | TH13  
      -2.68E-01        -3.30E-01         2.54E-01        -7.87E-02         3.49E-01        -6.86E-03         2.10E-01

   SG0101 | OM0101  SG0101 | OM0202  SG0101 | OM0303  SG0101 | OM0505  SG0101 | OM0606  SG0101 | OM0909  SG0101 | OM1111
       3.39E-01        -3.61E-01         2.65E-01         2.25E-01        -2.29E-01        -1.83E-01         1.70E-02

   SG0101 | SG0101  SG0303 | TH 1    SG0303 | TH 2    SG0303 | TH 3    SG0303 | TH 4    SG0303 | TH 5    SG0303 | TH 6  
       1.08E-03         1.83E-01        -1.72E-01         1.76E-01         2.37E-02        -3.29E-02         8.40E-03

   SG0303 | TH 7    SG0303 | TH 8    SG0303 | TH10    SG0303 | TH11    SG0303 | TH13    SG0303 | OM0101  SG0303 | OM0202
      -1.75E-02        -9.89E-02        -1.31E-01        -2.88E-01         3.43E-01        -1.32E-01         9.24E-02

   SG0303 | OM0303  SG0303 | OM0505  SG0303 | OM0606  SG0303 | OM0909  SG0303 | OM1111  SG0303 | SG0101  SG0303 | SG0303
      -2.71E-01         4.38E-02         2.70E-01        -9.34E-02         1.79E-01        -1.72E-01         9.00E-04

   SG0505 | TH 1    SG0505 | TH 2    SG0505 | TH 3    SG0505 | TH 4    SG0505 | TH 5    SG0505 | TH 6    SG0505 | TH 7  
      -4.02E-02         1.41E-01         1.55E-01        -1.00E-01         2.08E-01         1.74E-02        -9.43E-02

   SG0505 | TH 8    SG0505 | TH10    SG0505 | TH11    SG0505 | TH13    SG0505 | OM0101  SG0505 | OM0202  SG0505 | OM0303
       1.09E-02         1.29E-02         6.08E-02        -2.29E-01        -1.11E-01        -7.39E-02         1.34E-01

   SG0505 | OM0505  SG0505 | OM0606  SG0505 | OM0909  SG0505 | OM1111  SG0505 | SG0101  SG0505 | SG0303  SG0505 | SG0505
      -3.08E-02         3.37E-01         3.38E-01        -2.46E-01         1.83E-02        -1.20E-01         1.54E-03

   SG0606 | TH 1    SG0606 | TH 2    SG0606 | TH 3    SG0606 | TH 4    SG0606 | TH 5    SG0606 | TH 6    SG0606 | TH 7  
      -2.47E-01        -7.29E-02        -2.56E-01         1.05E-01        -1.91E-01         6.36E-02        -1.63E-02

   SG0606 | TH 8    SG0606 | TH10    SG0606 | TH11    SG0606 | TH13    SG0606 | OM0101  SG0606 | OM0202  SG0606 | OM0303
       1.59E-01        -3.60E-03         3.21E-01        -2.55E-01        -3.07E-01         1.95E-01        -1.15E-01

   SG0606 | OM0505  SG0606 | OM0606  SG0606 | OM0909  SG0606 | OM1111  SG0606 | SG0101  SG0606 | SG0303  SG0606 | SG0505
      -2.12E-01        -1.10E-01        -2.43E-01         1.56E-01        -1.72E-01        -2.55E-02        -6.24E-01

   SG0606 | SG0606  
       6.02E+00
1
 ************************************************************************************************************************
 ********************                                                                                ********************
 ********************               FIRST ORDER CONDITIONAL ESTIMATION WITH INTERACTION              ********************
 ********************                      INVERSE COVARIANCE MATRIX OF ESTIMATE                     ********************
 ********************                                                                                ********************
 ************************************************************************************************************************
 

     TH 1 | TH 1      TH 2 | TH 1      TH 2 | TH 2      TH 3 | TH 1      TH 3 | TH 2      TH 3 | TH 3      TH 4 | TH 1  
       4.77E+06        -4.27E+03         1.00E+02        -5.27E+04         4.06E+01         3.21E+03        -1.47E+04

     TH 4 | TH 2      TH 4 | TH 3      TH 4 | TH 4      TH 5 | TH 1      TH 5 | TH 2      TH 5 | TH 3      TH 5 | TH 4  
       1.14E+02         1.16E+03         1.24E+03        -2.27E+03        -7.61E+00         7.23E+01         6.22E+01

     TH 5 | TH 5      TH 6 | TH 1      TH 6 | TH 2      TH 6 | TH 3      TH 6 | TH 4      TH 6 | TH 5      TH 6 | TH 6  
       2.64E+01         3.59E+06        -3.18E+03        -4.03E+04        -1.09E+04        -1.84E+03         2.71E+06

     TH 7 | TH 1      TH 7 | TH 2      TH 7 | TH 3      TH 7 | TH 4      TH 7 | TH 5      TH 7 | TH 6      TH 7 | TH 7  
       6.34E+05         1.31E+03        -2.61E+04        -2.78E+04        -1.87E+03         4.88E+05         6.30E+06

     TH 8 | TH 1      TH 8 | TH 2      TH 8 | TH 3      TH 8 | TH 4      TH 8 | TH 5      TH 8 | TH 6      TH 8 | TH 7  
      -2.35E+04        -1.13E+02         5.89E+02         3.02E+02         1.71E+02        -1.84E+04        -2.13E+04

     TH 8 | TH 8      TH10 | TH 1      TH10 | TH 2      TH10 | TH 3      TH10 | TH 4      TH10 | TH 5      TH10 | TH 6  
       1.72E+03        -7.80E+04        -5.79E+01         2.60E+03        -1.69E+02         3.74E+01        -5.99E+04

     TH10 | TH 7      TH10 | TH 8      TH10 | TH10      TH11 | TH 1      TH11 | TH 2      TH11 | TH 3      TH11 | TH 4  
      -7.65E+04         3.81E+02         3.29E+04         9.65E+03        -7.75E+00        -1.09E+02        -3.15E+01

     TH11 | TH 5      TH11 | TH 6      TH11 | TH 7      TH11 | TH 8      TH11 | TH10      TH11 | TH11      TH13 | TH 1  
      -5.02E+00         7.27E+03         1.16E+03        -5.09E+01        -1.68E+02         1.97E+01         1.33E+03

     TH13 | TH 2      TH13 | TH 3      TH13 | TH 4      TH13 | TH 5      TH13 | TH 6      TH13 | TH 7      TH13 | TH 8  
       9.77E+00        -2.05E+02        -8.47E+01        -5.56E+00         1.15E+03         1.60E+03        -4.82E+01

     TH13 | TH10      TH13 | TH11      TH13 | TH13    OM0101 | TH 1    OM0101 | TH 2    OM0101 | TH 3    OM0101 | TH 4  
       8.36E+00         3.56E+00         1.05E+02         4.73E+04        -1.61E+02        -1.52E+03        -5.56E+02

   OM0101 | TH 5    OM0101 | TH 6    OM0101 | TH 7    OM0101 | TH 8    OM0101 | TH10    OM0101 | TH11    OM0101 | TH13  
      -5.87E+01         3.61E+04         1.10E+02        -2.86E+02        -5.15E+02         9.52E+01         1.71E+01

   OM0101 | OM0101  OM0202 | TH 1    OM0202 | TH 2    OM0202 | TH 3    OM0202 | TH 4    OM0202 | TH 5    OM0202 | TH 6  
       2.66E+03         5.86E+03        -8.28E+01        -3.42E+02         1.74E+02        -7.16E-01         2.58E+03

   OM0202 | TH 7    OM0202 | TH 8    OM0202 | TH10    OM0202 | TH11    OM0202 | TH13    OM0202 | OM0101  OM0202 | OM0202
      -5.33E+03        -8.02E+01         2.81E+02         7.76E+00         4.52E+01         1.38E+03         4.40E+03

   OM0303 | TH 1    OM0303 | TH 2    OM0303 | TH 3    OM0303 | TH 4    OM0303 | TH 5    OM0303 | TH 6    OM0303 | TH 7  
       4.15E+04        -2.94E+01        -3.88E+02        -1.30E+02        -1.22E+01         3.11E+04         4.52E+03

   OM0303 | TH 8    OM0303 | TH10    OM0303 | TH11    OM0303 | TH13    OM0303 | OM0101  OM0303 | OM0202  OM0303 | OM0303
      -1.26E+02        -4.64E+02         8.48E+01        -3.01E+01         5.74E+02         3.17E+01         1.00E+03

   OM0505 | TH 1    OM0505 | TH 2    OM0505 | TH 3    OM0505 | TH 4    OM0505 | TH 5    OM0505 | TH 6    OM0505 | TH 7  
       2.30E+04         2.39E+01        -1.16E+02         3.33E+02         1.16E+02         1.70E+04        -6.99E+03

   OM0505 | TH 8    OM0505 | TH10    OM0505 | TH11    OM0505 | TH13    OM0505 | OM0101  OM0505 | OM0202  OM0505 | OM0303
       1.11E+03        -2.88E+03         5.48E+01        -1.47E+02        -2.59E+02        -8.28E+02         6.99E+01

   OM0505 | OM0505  OM0606 | TH 1    OM0606 | TH 2    OM0606 | TH 3    OM0606 | TH 4    OM0606 | TH 5    OM0606 | TH 6  
       6.82E+03         8.11E+03         1.02E+01        -4.55E+02        -3.36E+02        -5.92E+01         5.82E+03

   OM0606 | TH 7    OM0606 | TH 8    OM0606 | TH10    OM0606 | TH11    OM0606 | TH13    OM0606 | OM0101  OM0606 | OM0202
       9.57E+03        -3.61E+02        -9.29E+02         1.70E+01        -2.22E+01         1.45E+02        -4.52E+01

   OM0606 | OM0303  OM0606 | OM0505  OM0606 | OM0606  OM0909 | TH 1    OM0909 | TH 2    OM0909 | TH 3    OM0909 | TH 4  
      -5.24E+01        -3.18E+02         1.38E+03        -2.12E+04         2.04E+02         1.70E+02         3.91E+02

   OM0909 | TH 5    OM0909 | TH 6    OM0909 | TH 7    OM0909 | TH 8    OM0909 | TH10    OM0909 | TH11    OM0909 | TH13  
      -7.59E+01        -1.65E+04        -2.64E+02        -7.76E+02         2.01E+03        -3.66E+01         2.48E+01

   OM0909 | OM0101  OM0909 | OM0202  OM0909 | OM0303  OM0909 | OM0505  OM0909 | OM0606  OM0909 | OM0909  OM1111 | TH 1  
      -5.96E+02         8.64E+02        -7.77E+02         3.53E+03         2.23E+02         1.21E+04        -6.31E+03

   OM1111 | TH 2    OM1111 | TH 3    OM1111 | TH 4    OM1111 | TH 5    OM1111 | TH 6    OM1111 | TH 7    OM1111 | TH 8  
      -1.90E+01         6.90E+01        -1.32E+02         2.62E+01        -4.97E+03         1.84E+04         2.76E+02

   OM1111 | TH10    OM1111 | TH11    OM1111 | TH13    OM1111 | OM0101  OM1111 | OM0202  OM1111 | OM0303  OM1111 | OM0505
      -5.63E+02        -1.34E+01        -6.20E+01        -1.51E+02        -2.70E+02         9.54E+01         1.49E+02

   OM1111 | OM0606  OM1111 | OM0909  OM1111 | OM1111  SG0101 | TH 1    SG0101 | TH 2    SG0101 | TH 3    SG0101 | TH 4  
      -1.02E+02        -2.00E+02         6.27E+02         1.93E+05         8.29E+01         9.26E+03        -3.26E+03

   SG0101 | TH 5    SG0101 | TH 6    SG0101 | TH 7    SG0101 | TH 8    SG0101 | TH10    SG0101 | TH11    SG0101 | TH13  
       6.99E+02         1.35E+05        -6.14E+04         3.90E+03        -3.49E+04         3.70E+02        -1.18E+03

   SG0101 | OM0101  SG0101 | OM0202  SG0101 | OM0303  SG0101 | OM0505  SG0101 | OM0606  SG0101 | OM0909  SG0101 | OM1111
      -1.30E+04         3.27E+03        -5.91E+03         1.08E+03         8.09E+03         1.20E+04         5.37E+02

   SG0101 | SG0101  SG0303 | TH 1    SG0303 | TH 2    SG0303 | TH 3    SG0303 | TH 4    SG0303 | TH 5    SG0303 | TH 6  
       1.64E+06        -4.09E+05         2.25E+03        -4.77E+03        -1.67E+03         5.72E+02        -3.04E+05

   SG0303 | TH 7    SG0303 | TH 8    SG0303 | TH10    SG0303 | TH11    SG0303 | TH13    SG0303 | OM0101  SG0303 | OM0202
      -4.47E+05         4.96E+03         2.46E+04        -7.04E+02        -2.80E+03         1.26E+04        -4.41E+03

   SG0303 | OM0303  SG0303 | OM0505  SG0303 | OM0606  SG0303 | OM0909  SG0303 | OM1111  SG0303 | SG0101  SG0303 | SG0303
       8.68E+03         2.27E+04        -1.44E+04         9.12E+03         1.18E+03        -1.06E+04         2.28E+06

   SG0505 | TH 1    SG0505 | TH 2    SG0505 | TH 3    SG0505 | TH 4    SG0505 | TH 5    SG0505 | TH 6    SG0505 | TH 7  
      -4.67E+05        -1.86E+03        -1.46E+04        -8.98E+03        -1.85E+01        -3.35E+05         5.83E+05

   SG0505 | TH 8    SG0505 | TH10    SG0505 | TH11    SG0505 | TH13    SG0505 | OM0101  SG0505 | OM0202  SG0505 | OM0303
       2.53E+03         1.01E+04        -1.02E+03         4.93E+03         2.09E+04         1.55E+04        -4.70E+03

   SG0505 | OM0505  SG0505 | OM0606  SG0505 | OM0909  SG0505 | OM1111  SG0505 | SG0101  SG0505 | SG0303  SG0505 | SG0505
      -1.82E+04        -1.63E+04        -2.23E+04         2.60E+03        -2.39E+05         2.43E+05         1.73E+06

   SG0606 | TH 1    SG0606 | TH 2    SG0606 | TH 3    SG0606 | TH 4    SG0606 | TH 5    SG0606 | TH 6    SG0606 | TH 7  
      -4.46E+01        -3.56E-01        -1.79E+00        -1.48E+00         1.45E-01        -3.25E+01         1.19E+02

   SG0606 | TH 8    SG0606 | TH10    SG0606 | TH11    SG0606 | TH13    SG0606 | OM0101  SG0606 | OM0202  SG0606 | OM0303
       9.64E-01         6.20E+00        -1.15E-01         9.69E-01         4.56E+00         3.03E+00        -8.69E-01

   SG0606 | OM0505  SG0606 | OM0606  SG0606 | OM0909  SG0606 | OM1111  SG0606 | SG0101  SG0606 | SG0303  SG0606 | SG0505
      -2.22E-02        -2.18E+00         3.02E+00        -4.36E-01         1.07E+01         4.09E+01         2.95E+02

   SG0606 | SG0606  
       9.53E-02
1
 
 
 
 
 
 
 
 
 
 
 
 
 
 
 
 
 
 
 
 
 ************************************************************************************************************************
 ********************                                                                                ********************
 ********************               FIRST ORDER CONDITIONAL ESTIMATION WITH INTERACTION              ********************
 ********************                      EIGENVALUES OF COR MATRIX OF ESTIMATE                     ********************
 ********************                                                                                ********************
 ************************************************************************************************************************
 

             1         2         3         4         5         6         7         8         9        10        11        12
             13        14        15        16        17        18        19        20        21        22
 
         3.33E-04  8.48E-02  1.10E-01  1.76E-01  2.12E-01  2.48E-01  2.97E-01  3.10E-01  3.85E-01  4.24E-01  5.06E-01  5.62E-01
          7.06E-01  8.71E-01  9.85E-01  1.05E+00  1.25E+00  1.53E+00  1.80E+00  2.44E+00  3.60E+00  4.46E+00
 
 Elapsed finaloutput time in seconds:     1.98
1THERE ARE ERROR MESSAGES IN FILE PRDERR                                                                  
 #CPUT: Total CPU Time in Seconds,      740.094
Stop Time: 
Tue 04/09/2024 
03:26 PM
