Tue 04/09/2024 
01:34 PM
$PROBLEM    Mavoglurant PBPK (Wendling et al.,2016. DOI:
;           10.1208/s12248-015-9840-7) presented as an nlmixr2 example
;           (https://nlmixr2.org/articles/mavoglurant.html)
$INPUT      ID CMT EVID EVI2 MDV DV LNDV AMT TIME DOSE OCC RATE AGE
            SEX RACE WTKG HTM BLQ
$DATA      Mavoglurant_A2121_nmpk_edited.csv IGNORE=I
            IGNORE=(OCC.GT.1) IGNORE=(ID.GE.812) IGNORE=(BLQ.EQ.1)
 ; Match data subsets of nlmixr2 vignette
 ; Match data subsets of nlmixr2 vignette
 ; Match data subsets of nlmixr2 vignette
$SUBROUTINE ADVAN13 TRANS1 TOL=6 SUBROUTINES=D
$MODEL      COMP=(LU) ; 01
            COMP=(HT) ; 02
            COMP=(BR) ; 03
            COMP=(MU) ; 04
            COMP=(AD) ; 05
            COMP=(SK) ; 06
            COMP=(SP) ; 07
            COMP=(PA) ; 08
            COMP=(LI) ; 09
            COMP=(ST) ; 10
            COMP=(GU) ; 11
            COMP=(BO) ; 12
            COMP=(KI) ; 13
            COMP=(AB) ; 14
            COMP=(VB,DEFDOSE,DEFOBS) ; 15
            COMP=(RB) ; 16
$PK 
  ;--- Initial

  CALLFL=-2
  R15=RATE

  ;--- Estimated Parameters

  lCLint = THETA(1)
  MU_1 = lCLint
  CLint = EXP(MU_1+ETA(1))

  KbBR = EXP(THETA(2))
  KbMU = EXP(THETA(3))
  KbAD = EXP(THETA(4))
  KbBO = EXP(THETA(5))
  KbRB = EXP(THETA(6))

  ;--- Fixed Physiological Parameters

  CO  = (187.00*WTKG**0.81)*60.0/1000.0 ; Cardiac output (L/h) from White et al (1968) as presented by nlmixr2 vignette
  QHT = 4.0 *CO/100.0
  QBR = 12.0*CO/100.0
  QMU = 17.0*CO/100.0
  QAD = 5.0 *CO/100.0
  QSK = 5.0 *CO/100.0
  QSP = 3.0 *CO/100.0
  QPA = 1.0 *CO/100.0
  QLI = 25.5*CO/100.0
  QST = 1.0 *CO/100.0
  QGU = 14.0*CO/100.0
  QHA = QLI - (QSP + QPA + QST + QGU) ; Hepatic artery blood flow
  QBO = 5.0 *CO/100.0
  QKI = 19.0*CO/100.0
  QRB = CO - (QHT + QBR + QMU + QAD + QSK + QLI + QBO + QKI)
  QLU = QHT + QBR + QMU + QAD + QSK + QLI + QBO + QKI + QRB

  VLU = (0.76 *WTKG/100.0)/1.051
  VHT = (0.47 *WTKG/100.0)/1.030
  VBR = (2.00 *WTKG/100.0)/1.036
  VMU = (40.00*WTKG/100.0)/1.041
  VAD = (21.42*WTKG/100.0)/0.916
  VSK = (3.71 *WTKG/100.0)/1.116
  VSP = (0.26 *WTKG/100.0)/1.054
  VPA = (0.14 *WTKG/100.0)/1.045
  VLI = (2.57 *WTKG/100.0)/1.040
  VST = (0.21 *WTKG/100.0)/1.050
  VGU = (1.44 *WTKG/100.0)/1.043
  VBO = (14.29*WTKG/100.0)/1.990
  VKI = (0.44 *WTKG/100.0)/1.050
  VAB = (2.81 *WTKG/100.0)/1.040
  VVB = (5.62 *WTKG/100.0)/1.040
  VRB = (3.86 *WTKG/100.0)/1.040

  ;--- Fixed Drug-specific Parameters

  BP = 0.61    ; Blood:plasma partition coefficient
  fup = 0.028  ; Fraction unbound in plasma
  fub = fup/BP ; Fraction unbound in blood

  KbLU = exp(0.8334)
  KbHT = exp(1.1205)
  KbSK = exp(-.5238)
  KbSP = exp(0.3224)
  KbPA = exp(0.3224)
  KbLI = exp(1.7604)
  KbST = exp(0.3224)
  KbGU = exp(1.2026)
  KbKI = exp(1.3171)

  ;--- Finalize

  S15 = VVB*BP/1000.0

$DES 

  DADT(1) = QLU*(A(15)/VVB - A(1)/KbLU/VLU)
  DADT(2) = QHT*(A(14)/VAB - A(2)/KbHT/VHT)
  DADT(3) = QBR*(A(14)/VAB - A(3)/KbBR/VBR)
  DADT(4) = QMU*(A(14)/VAB - A(4)/KbMU/VMU)
  DADT(5) = QAD*(A(14)/VAB - A(5)/KbAD/VAD)
  DADT(6) = QSK*(A(14)/VAB - A(6)/KbSK/VSK)
  DADT(7) = QSP*(A(14)/VAB - A(7)/KbSP/VSP)
  DADT(8) = QPA*(A(14)/VAB - A(8)/KbPA/VPA)
  DADT(9) = QHA*A(14)/VAB + QSP*A(7)/KbSP/VSP + QPA*A(8)/KbPA/VPA + QST*A(10)/KbST/VST + QGU*A(11)/KbGU/VGU - CLint*fub*A(9)/KbLI/VLI - QLI*A(9)/KbLI/VLI
  DADT(10) = QST*(A(14)/VAB - A(10)/KbST/VST)
  DADT(11) = QGU*(A(14)/VAB - A(11)/KbGU/VGU)
  DADT(12) = QBO*(A(14)/VAB - A(12)/KbBO/VBO)
  DADT(13) = QKI*(A(14)/VAB - A(13)/KbKI/VKI)
  DADT(14) = QLU*(A(1)/KbLU/VLU - A(14)/VAB)
  DADT(15) = QHT*A(2)/KbHT/VHT + QBR*A(3)/KbBR/VBR + QMU*A(4)/KbMU/VMU + QAD*A(5)/KbAD/VAD + QSK*A(6)/KbSK/VSK + QLI*A(9)/KbLI/VLI + QBO*A(12)/KbBO/VBO + QKI*A(13)/KbKI/VKI + QRB*A(16)/KbRB/VRB - QLU*A(15)/VVB
  DADT(16) = QRB*(A(14)/VAB - A(16)/KbRB/VRB)

  C15 = A(15)/S15

$THETA  7.6 ; lCLint
 1.1 ; lKbBR
 0.3 ; lKbMU
 2.0 ; lKbAD
 0.03 ; lKbBO
 0.3 ; lKbRB
$OMEGA  4.00  ; IIV on CLint
$SIGMA  10.0  ; proportional residual variability
 1.00  ; additive residual variability
$ERROR 

  IPRED = A(15)/S15
  IRES=DV-IPRED
  W=SQRT(IPRED**2*SIGMA(1,1)+SIGMA(2,2))
  IWRES=IRES/W
  F_FLAG = 0
  Y = IPRED + IPRED*EPS(1) + EPS(2)

; $EST METHOD=IMP INTERACTION NOABORT PRINT=5 NOABORT AUTO=1 RANMETHOD=S2P CTYPE=3 NITER=5000

$ESTIMATION METHOD=CONDITIONAL INTERACTION MAXEVAL=9999 PRINT=1
            NOABORT NOTBT NOOBT NOSBT NSIG=2 SIGL=6
$COVARIANCE UNCONDITIONAL
$TABLE      ID EVID CMT DOSE C15 WTKG CLint ETAS(1:LAST) NPDE CWRES
            IWRES IPRED NOPRINT ONEHEADER FILE=mod1.tbl

  
NM-TRAN MESSAGES 
  
 WARNINGS AND ERRORS (IF ANY) FOR PROBLEM    1
             
 (WARNING  2) NM-TRAN INFERS THAT THE DATA ARE POPULATION.
             
 (WARNING  48) DES-DEFINED ITEMS ARE COMPUTED ONLY WHEN EVENT TIME
 INCREASES. E.G., DISPLAYED VALUES ASSOCIATED WITH THE FIRST EVENT RECORD
 OF AN INDIVIDUAL RECORD ARE COMPUTED WITH (THE LAST ADVANCE TO) AN EVENT
 TIME OF THE PRIOR INDIVIDUAL RECORD.
             
 (WARNING  79) SIGMA IS USED ON THE RIGHT. WITH A SUBSEQUENT RUN, IF AN
 INITIAL ESTIMATE OF A DIAGONAL BLOCK OF SIGMA IS TO BE COMPUTED BY
 NONMEM, THAT BLOCK WILL BE SET TO AN IDENTITY MATRIX DURING THAT
 COMPUTATION. THIS COULD LEAD TO AN ARITHMETIC EXCEPTION.*

 * THE MAXIMUM NUMBER OF WARNINGS OF ONE OR MORE TYPES WAS REACHED.
 IT IS POSSIBLE THAT SOME WARNING MESSAGES WERE SUPPRESSED.
  
License Registered to: Enhanced Pharmacodynamics LLC
Expiration Date:    14 SEP 2024
Current Date:        9 APR 2024
Days until program expires : 155
1NONLINEAR MIXED EFFECTS MODEL PROGRAM (NONMEM) VERSION 7.4.4
 ORIGINALLY DEVELOPED BY STUART BEAL, LEWIS SHEINER, AND ALISON BOECKMANN
 CURRENT DEVELOPERS ARE ROBERT BAUER, ICON DEVELOPMENT SOLUTIONS,
 AND ALISON BOECKMANN. IMPLEMENTATION, EFFICIENCY, AND STANDARDIZATION
 PERFORMED BY NOUS INFOSYSTEMS.

 PROBLEM NO.:         1
 Mavoglurant PBPK (Wendling et al.,2016. DOI:
0DATA CHECKOUT RUN:              NO
 DATA SET LOCATED ON UNIT NO.:    2
 THIS UNIT TO BE REWOUND:        NO
 NO. OF DATA RECS IN DATA SET:      275
 NO. OF DATA ITEMS IN DATA SET:  18
 ID DATA ITEM IS DATA ITEM NO.:   1
 DEP VARIABLE IS DATA ITEM NO.:   6
 MDV DATA ITEM IS DATA ITEM NO.:  5
0INDICES PASSED TO SUBROUTINE PRED:
   3   9   8  12   0   0   2   0   0   0   0
0LABELS FOR DATA ITEMS:
 ID CMT EVID EVI2 MDV DV LNDV AMT TIME DOSE OCC RATE AGE SEX RACE WTKG HTM BLQ
0(NONBLANK) LABELS FOR PRED-DEFINED ITEMS:
 CLint C15 IPRED IWRES
0FORMAT FOR DATA:
 (2(6E12.0/),6E12.0)

 TOT. NO. OF OBS RECS:      256
 TOT. NO. OF INDIVIDUALS:       19
0LENGTH OF THETA:   6
0DEFAULT THETA BOUNDARY TEST OMITTED:   YES
0OMEGA HAS SIMPLE DIAGONAL FORM WITH DIMENSION:   1
0DEFAULT OMEGA BOUNDARY TEST OMITTED:   YES
0SIGMA HAS SIMPLE DIAGONAL FORM WITH DIMENSION:   2
0DEFAULT SIGMA BOUNDARY TEST OMITTED:   YES
0INITIAL ESTIMATE OF THETA:
   0.7600E+01  0.1100E+01  0.3000E+00  0.2000E+01  0.3000E-01  0.3000E+00
0INITIAL ESTIMATE OF OMEGA:
 0.4000E+01
0INITIAL ESTIMATE OF SIGMA:
 0.1000E+02
 0.0000E+00   0.1000E+01
0COVARIANCE STEP OMITTED:        NO
 EIGENVLS. PRINTED:              NO
 SPECIAL COMPUTATION:            NO
 COMPRESSED FORMAT:              NO
 GRADIENT METHOD USED:     NOSLOW
 SIGDIGITS ETAHAT (SIGLO):                  -1
 SIGDIGITS GRADIENTS (SIGL):                -1
 EXCLUDE COV FOR FOCE (NOFCOV):              NO
 TURN OFF Cholesky Transposition of R Matrix (CHOLROFF): NO
 KNUTHSUMOFF:                                -1
 RESUME COV ANALYSIS (RESUME):               NO
 SIR SAMPLE SIZE (SIRSAMPLE):              -1
 NON-LINEARLY TRANSFORM THETAS DURING COV (THBND): 1
 PRECONDTIONING CYCLES (PRECOND):        0
 PRECONDTIONING TYPES (PRECONDS):        TOS
 FORCED PRECONDTIONING CYCLES (PFCOND):0
 PRECONDTIONING TYPE (PRETYPE):        0
 FORCED POS. DEFINITE SETTING: (FPOSDEF):0
0TABLES STEP OMITTED:    NO
 NO. OF TABLES:           1
 SEED NUMBER (SEED):    11456
 RANMETHOD:             3U
 MC SAMPLES (ESAMPLE):    300
 WRES SQUARE ROOT TYPE (WRESCHOL): EIGENVALUE
0-- TABLE   1 --
0RECORDS ONLY:    ALL
04 COLUMNS APPENDED:    YES
 PRINTED:                NO
 HEADER:                YES
 FILE TO BE FORWARDED:   NO
 FORMAT:                S1PE11.4
 LFORMAT:
 RFORMAT:
 FIXED_EFFECT_ETAS:
0USER-CHOSEN ITEMS:
 ID EVID CMT DOSE C15 WTKG CLint ETA1 NPDE CWRES IWRES IPRED
1DOUBLE PRECISION PREDPP VERSION 7.4.4

 GENERAL NONLINEAR KINETICS MODEL WITH STIFF/NONSTIFF EQUATIONS (LSODA, ADVAN13)
0MODEL SUBROUTINE USER-SUPPLIED - ID NO. 9999
0MAXIMUM NO. OF BASIC PK PARAMETERS:  48
0COMPARTMENT ATTRIBUTES
 COMPT. NO.   FUNCTION   INITIAL    ON/OFF      DOSE      DEFAULT    DEFAULT
                         STATUS     ALLOWED    ALLOWED    FOR DOSE   FOR OBS.
    1         LU           ON         YES        YES        NO         NO
    2         HT           ON         YES        YES        NO         NO
    3         BR           ON         YES        YES        NO         NO
    4         MU           ON         YES        YES        NO         NO
    5         AD           ON         YES        YES        NO         NO
    6         SK           ON         YES        YES        NO         NO
    7         SP           ON         YES        YES        NO         NO
    8         PA           ON         YES        YES        NO         NO
    9         LI           ON         YES        YES        NO         NO
   10         ST           ON         YES        YES        NO         NO
   11         GU           ON         YES        YES        NO         NO
   12         BO           ON         YES        YES        NO         NO
   13         KI           ON         YES        YES        NO         NO
   14         AB           ON         YES        YES        NO         NO
   15         VB           ON         YES        YES        YES        YES
   16         RB           ON         YES        YES        NO         NO
   17         OUTPUT       OFF        YES        NO         NO         NO
 INITIAL (BASE) TOLERANCE SETTINGS:
 NRD (RELATIVE) VALUE(S) OF TOLERANCE:   6
 ANRD (ABSOLUTE) VALUE(S) OF TOLERANCE:  12
1
 ADDITIONAL PK PARAMETERS - ASSIGNMENT OF ROWS IN GG
 COMPT. NO.                             INDICES
              SCALE      BIOAVAIL.   ZERO-ORDER  ZERO-ORDER  ABSORB
                         FRACTION    RATE        DURATION    LAG
    1            *           *           *           *           *
    2            *           *           *           *           *
    3            *           *           *           *           *
    4            *           *           *           *           *
    5            *           *           *           *           *
    6            *           *           *           *           *
    7            *           *           *           *           *
    8            *           *           *           *           *
    9            *           *           *           *           *
   10            *           *           *           *           *
   11            *           *           *           *           *
   12            *           *           *           *           *
   13            *           *           *           *           *
   14            *           *           *           *           *
   15           50           *          49           *           *
   16            *           *           *           *           *
   17            *           -           -           -           -
             - PARAMETER IS NOT ALLOWED FOR THIS MODEL
             * PARAMETER IS NOT SUPPLIED BY PK SUBROUTINE;
               WILL DEFAULT TO ONE IF APPLICABLE
0DATA ITEM INDICES USED BY PRED ARE:
   EVENT ID DATA ITEM IS DATA ITEM NO.:      3
   TIME DATA ITEM IS DATA ITEM NO.:          9
   DOSE AMOUNT DATA ITEM IS DATA ITEM NO.:   8
   DOSE RATE DATA ITEM IS DATA ITEM NO.:    12
   COMPT. NO. DATA ITEM IS DATA ITEM NO.:    2

0PK SUBROUTINE CALLED WITH EVERY EVENT RECORD.
 PK SUBROUTINE CALLED AT NONEVENT (ADDITIONAL AND LAGGED) DOSE TIMES.
0ERROR SUBROUTINE CALLED WITH EVERY EVENT RECORD.
0ERROR SUBROUTINE INDICATES THAT DERIVATIVES OF COMPARTMENT AMOUNTS ARE USED.
0DES SUBROUTINE USES COMPACT STORAGE MODE.
1


 #TBLN:      1
 #METH: First Order Conditional Estimation with Interaction

 ESTIMATION STEP OMITTED:                 NO
 ANALYSIS TYPE:                           POPULATION
 NUMBER OF SADDLE POINT RESET ITERATIONS:      0
 GRADIENT METHOD USED:               NOSLOW
 CONDITIONAL ESTIMATES USED:              YES
 CENTERED ETA:                            NO
 EPS-ETA INTERACTION:                     YES
 LAPLACIAN OBJ. FUNC.:                    NO
 NO. OF FUNCT. EVALS. ALLOWED:            9999
 NO. OF SIG. FIGURES REQUIRED:            2
 INTERMEDIATE PRINTOUT:                   YES
 ESTIMATE OUTPUT TO MSF:                  NO
 ABORT WITH PRED EXIT CODE 1:             NO
 IND. OBJ. FUNC. VALUES SORTED:           NO
 NUMERICAL DERIVATIVE
       FILE REQUEST (NUMDER):               NONE
 MAP (ETAHAT) ESTIMATION METHOD (OPTMAP):   0
 ETA HESSIAN EVALUATION METHOD (ETADER):    0
 INITIAL ETA FOR MAP ESTIMATION (MCETA):    0
 SIGDIGITS FOR MAP ESTIMATION (SIGLO):      6
 GRADIENT SIGDIGITS OF
       FIXED EFFECTS PARAMETERS (SIGL):     6
 NOPRIOR SETTING (NOPRIOR):                 OFF
 NOCOV SETTING (NOCOV):                     OFF
 DERCONT SETTING (DERCONT):                 OFF
 FINAL ETA RE-EVALUATION (FNLETA):          ON
 EXCLUDE NON-INFLUENTIAL (NON-INFL.) ETAS
       IN SHRINKAGE (ETASTYPE):             NO
 NON-INFL. ETA CORRECTION (NONINFETA):      OFF
 RAW OUTPUT FILE (FILE): psn.ext
 EXCLUDE TITLE (NOTITLE):                   NO
 EXCLUDE COLUMN LABELS (NOLABEL):           NO
 FORMAT FOR ADDITIONAL FILES (FORMAT):      S1PE12.5
 PARAMETER ORDER FOR OUTPUTS (ORDER):       TSOL
 WISHART PRIOR DF INTERPRETATION (WISHTYPE):0
 KNUTHSUMOFF:                               0
 INCLUDE LNTWOPI:                           NO
 INCLUDE CONSTANT TERM TO PRIOR (PRIORC):   NO
 INCLUDE CONSTANT TERM TO OMEGA (ETA) (OLNTWOPI):NO
 ADDITIONAL CONVERGENCE TEST (CTYPE=4)?:    NO
 EM OR BAYESIAN METHOD USED:                 NONE

 TOLERANCES FOR ESTIMATION/EVALUATION STEP:
 NRD (RELATIVE) VALUE(S) OF TOLERANCE:   6
 ANRD (ABSOLUTE) VALUE(S) OF TOLERANCE:  12
 TOLERANCES FOR COVARIANCE STEP:
 NRD (RELATIVE) VALUE(S) OF TOLERANCE:   6
 ANRD (ABSOLUTE) VALUE(S) OF TOLERANCE:  12
 TOLERANCES FOR TABLE/SCATTER STEP:
 NRD (RELATIVE) VALUE(S) OF TOLERANCE:   6
 ANRD (ABSOLUTE) VALUE(S) OF TOLERANCE:  12

 THE FOLLOWING LABELS ARE EQUIVALENT
 PRED=PREDI
 RES=RESI
 WRES=WRESI
 IWRS=IWRESI
 IPRD=IPREDI
 IRS=IRESI

 MONITORING OF SEARCH:


0ITERATION NO.:    0    OBJECTIVE VALUE:   2653.26444307638        NO. OF FUNC. EVALS.:  10
 CUMULATIVE NO. OF FUNC. EVALS.:       10
 NPARAMETR:  7.6000E+00  1.1000E+00  3.0000E-01  2.0000E+00  3.0000E-02  3.0000E-01  4.0000E+00  1.0000E+01  1.0000E+00
 PARAMETER:  1.0000E-01  1.0000E-01  1.0000E-01  1.0000E-01  1.0000E-01  1.0000E-01  1.0000E-01  1.0000E-01  1.0000E-01
 GRADIENT:  -9.7774E+02 -3.1881E+01 -1.2764E+02 -3.8418E+03 -1.5441E+00 -1.2123E+01  6.3171E+00  2.3732E+02 -2.6242E+01

0ITERATION NO.:    1    OBJECTIVE VALUE:   2612.81176764644        NO. OF FUNC. EVALS.:  12
 CUMULATIVE NO. OF FUNC. EVALS.:       22
 NPARAMETR:  7.8901E+00  1.1014E+00  3.0150E-01  2.3000E+00  3.0002E-02  3.0014E-01  3.9998E+00  9.9815E+00  1.0002E+00
 PARAMETER:  1.0382E-01  1.0012E-01  1.0050E-01  1.1500E-01  1.0001E-01  1.0005E-01  9.9975E-02  9.9073E-02  1.0010E-01
 GRADIENT:  -9.2564E+02 -3.4233E+01 -1.7522E+02 -1.0345E+03 -2.2071E+00 -1.3199E+01  9.8211E+00  2.0840E+02 -8.9248E+00

0ITERATION NO.:    2    OBJECTIVE VALUE:   2610.68912457241        NO. OF FUNC. EVALS.:  14
 CUMULATIVE NO. OF FUNC. EVALS.:       36
 NPARAMETR:  9.2988E+00  1.1089E+00  3.1202E-01  2.7143E+00  3.0015E-02  3.0093E-01  3.9982E+00  9.8985E+00  1.0006E+00
 PARAMETER:  1.2235E-01  1.0081E-01  1.0401E-01  1.3572E-01  1.0005E-01  1.0031E-01  9.9779E-02  9.4900E-02  1.0028E-01
 GRADIENT:   1.0345E+02 -5.6712E+01 -3.1239E+02  1.6556E+03 -2.9898E+00 -1.8552E+01  2.7342E+01  1.5333E+02 -5.3829E-01

0ITERATION NO.:    3    OBJECTIVE VALUE:   2605.40423984195        NO. OF FUNC. EVALS.:  13
 CUMULATIVE NO. OF FUNC. EVALS.:       49
 NPARAMETR:  9.9962E+00  1.1185E+00  3.2602E-01  2.6476E+00  3.0030E-02  3.0186E-01  3.9954E+00  9.8270E+00  1.0008E+00
 PARAMETER:  1.3153E-01  1.0168E-01  1.0867E-01  1.3238E-01  1.0010E-01  1.0062E-01  9.9430E-02  9.1275E-02  1.0038E-01
 GRADIENT:   4.5938E+02 -5.9832E+01 -3.2219E+02  1.4663E+03 -2.7546E+00 -1.8613E+01  2.0947E+01  1.3590E+02 -1.4852E+00

0ITERATION NO.:    4    OBJECTIVE VALUE:   2449.99312457905        NO. OF FUNC. EVALS.:  11
 CUMULATIVE NO. OF FUNC. EVALS.:       60
 NPARAMETR:  1.0753E+01  2.5046E+00  2.2822E+00  3.0898E+00  3.1805E-02  4.2457E-01  3.7912E+00  4.2638E+00  1.0333E+00
 PARAMETER:  1.4149E-01  2.2770E-01  7.6072E-01  1.5449E-01  1.0602E-01  1.4152E-01  7.3192E-02 -3.2621E-01  1.1637E-01
 GRADIENT:   9.7184E+02 -3.7685E+02  2.8799E+02  9.0455E+01 -4.2423E+00 -5.5988E+01 -3.2151E-01  5.9477E+01  7.8690E-01

0ITERATION NO.:    5    OBJECTIVE VALUE:   2443.66244314204        NO. OF FUNC. EVALS.:  12
 CUMULATIVE NO. OF FUNC. EVALS.:       72
 NPARAMETR:  1.0709E+01  2.8803E+00  2.3296E+00  3.1029E+00  3.2014E-02  4.4398E-01  3.7734E+00  3.9890E+00  1.0351E+00
 PARAMETER:  1.4090E-01  2.6185E-01  7.7653E-01  1.5515E-01  1.0671E-01  1.4799E-01  7.0841E-02 -3.5952E-01  1.1725E-01
 GRADIENT:   1.0419E+03 -4.3251E+01  2.4796E+02  3.8950E+01 -3.1436E+00 -5.8433E+01 -1.7164E+00  5.3046E+01  9.2924E-01

0ITERATION NO.:    6    OBJECTIVE VALUE:   2251.07089601130        NO. OF FUNC. EVALS.:  11
 CUMULATIVE NO. OF FUNC. EVALS.:       83
 NPARAMETR:  6.2482E+00  2.6831E+00  2.0619E+00  3.0363E+00  3.8776E-02  1.3315E+00  3.1967E+00  4.6136E-01  1.0742E+00
 PARAMETER:  8.2213E-02  2.4392E-01  6.8732E-01  1.5181E-01  1.2925E-01  4.4385E-01 -1.2093E-02 -1.4381E+00  1.3578E-01
 GRADIENT:  -6.7107E+02  5.4343E+02  1.9583E+02 -6.0719E+02  2.8823E+00  6.5493E+01  2.4064E+01  1.1132E+02  1.8367E+00

0ITERATION NO.:    7    OBJECTIVE VALUE:   2235.63184668605        NO. OF FUNC. EVALS.:  11
 CUMULATIVE NO. OF FUNC. EVALS.:       94
 NPARAMETR:  5.1685E+00  2.6147E+00  1.9717E+00  3.0142E+00  3.8995E-02  1.1511E+00  2.9729E+00  2.8146E-01  1.0788E+00
 PARAMETER:  6.8006E-02  2.3770E-01  6.5722E-01  1.5071E-01  1.2998E-01  3.8369E-01 -4.8372E-02 -1.6852E+00  1.3791E-01
 GRADIENT:  -1.5563E+03  7.1021E+02  2.3626E+02 -8.3364E+02  4.9444E+00  7.1148E+01 -6.2199E+00  3.1841E+01  1.5134E+00

0ITERATION NO.:    8    OBJECTIVE VALUE:   2230.08748571334        NO. OF FUNC. EVALS.:  11
 CUMULATIVE NO. OF FUNC. EVALS.:      105
 NPARAMETR:  5.0063E+00  2.5682E+00  1.9124E+00  2.9275E+00  3.7735E-02  9.7398E-01  5.3123E+00  2.3142E-01  1.1438E+00
 PARAMETER:  6.5872E-02  2.3347E-01  6.3746E-01  1.4637E-01  1.2578E-01  3.2466E-01  2.4186E-01 -1.7831E+00  1.6717E-01
 GRADIENT:  -8.7691E+02  7.7632E+02  3.1526E+02 -8.4979E+02  5.4767E+00  5.4145E+01  8.9162E+00 -2.4133E+01  1.5129E+00

0ITERATION NO.:    9    OBJECTIVE VALUE:   2126.08367440336        NO. OF FUNC. EVALS.:  13
 CUMULATIVE NO. OF FUNC. EVALS.:      118
 NPARAMETR:  3.6733E+00  1.8731E+00  1.0484E+00  2.3636E+00 -3.9788E-02 -1.1480E-01  2.9508E+01  1.1223E-01  1.5705E+01
 PARAMETER:  4.8333E-02  1.7029E-01  3.4948E-01  1.1818E-01 -1.3263E-01 -3.8266E-02  1.0992E+00 -2.1449E+00  1.4770E+00
 GRADIENT:   6.1584E+01  1.4218E+02  4.6649E+02 -6.0966E+02  5.8285E+00 -2.9366E+01  2.1279E+01  8.0255E+00  3.0112E+01

0ITERATION NO.:   10    OBJECTIVE VALUE:   2103.06931803023        NO. OF FUNC. EVALS.:  11
 CUMULATIVE NO. OF FUNC. EVALS.:      129
 NPARAMETR:  3.1887E+00  1.6332E+00  7.4313E-01  2.1904E+00 -9.7924E-02 -4.5919E-01  5.4502E+01  8.5956E-02  1.6834E+01
 PARAMETER:  4.1957E-02  1.4847E-01  2.4771E-01  1.0952E-01 -3.2641E-01 -1.5306E-01  1.4060E+00 -2.2783E+00  1.5117E+00
 GRADIENT:   3.2970E+02 -8.4189E+01  2.7942E+02 -4.2319E+02  2.5641E+00 -2.3584E+01  2.6291E+01  2.7502E+00  3.3145E+01

0ITERATION NO.:   11    OBJECTIVE VALUE:   2090.63565674845        NO. OF FUNC. EVALS.:  11
 CUMULATIVE NO. OF FUNC. EVALS.:      140
 NPARAMETR:  2.7930E+00  1.4209E+00  5.6454E-01  2.2077E+00  3.4395E-01 -1.2327E+00  7.2237E+01  8.4093E-02  1.2982E+00
 PARAMETER:  3.6750E-02  1.2918E-01  1.8818E-01  1.1038E-01  1.1465E+00 -4.1088E-01  1.5468E+00 -2.2892E+00  2.3047E-01
 GRADIENT:   7.3240E+02 -1.8959E+02  1.7060E+02 -9.9700E+02  4.5198E+00 -3.3894E+00  2.7736E+01 -2.4638E+01 -4.2288E-01

0ITERATION NO.:   12    OBJECTIVE VALUE:   2077.99965002223        NO. OF FUNC. EVALS.:  11
 CUMULATIVE NO. OF FUNC. EVALS.:      151
 NPARAMETR:  2.5685E+00  1.5535E+00  5.1273E-01  2.3411E+00  1.5361E-02 -1.6325E+00  4.8179E+01  8.9941E-02  7.2799E-01
 PARAMETER:  3.3796E-02  1.4123E-01  1.7091E-01  1.1706E-01  5.1205E-02 -5.4418E-01  1.3443E+00 -2.2556E+00 -5.8731E-02
 GRADIENT:   6.7137E+02 -1.9942E+02 -1.9420E+01  2.8992E+02 -3.4960E-01  1.2314E+00  2.1230E+01  1.4906E+01  1.7407E+00

0ITERATION NO.:   13    OBJECTIVE VALUE:   2076.82729094931        NO. OF FUNC. EVALS.:  11
 CUMULATIVE NO. OF FUNC. EVALS.:      162
 NPARAMETR:  2.1940E+00  1.6340E+00  4.7817E-01  2.3506E+00 -7.6807E-02 -2.0246E+00  4.0271E+01  8.7399E-02  5.8401E-01
 PARAMETER:  2.8869E-02  1.4855E-01  1.5939E-01  1.1753E-01 -2.5602E-01 -6.7487E-01  1.2547E+00 -2.2699E+00 -1.6892E-01
 GRADIENT:   6.4939E+02 -1.9892E+02 -6.2892E+01  4.8911E+02 -7.1646E-01  2.4566E+00  1.4662E+01  5.9836E+00  1.1985E+00

0ITERATION NO.:   14    OBJECTIVE VALUE:   2076.68900246215        NO. OF FUNC. EVALS.:  11
 CUMULATIVE NO. OF FUNC. EVALS.:      173
 NPARAMETR:  1.9014E+00  1.7114E+00  4.6601E-01  2.3452E+00 -1.7460E-01 -2.3331E+00  3.7177E+01  8.6928E-02  4.9877E-01
 PARAMETER:  2.5019E-02  1.5559E-01  1.5534E-01  1.1726E-01 -5.8200E-01 -7.7769E-01  1.2147E+00 -2.2726E+00 -2.4781E-01
 GRADIENT:   6.0628E+02 -1.8765E+02 -7.2981E+01  4.6906E+02 -1.3099E+00  2.4200E+00  9.6864E+00  5.1476E+00  8.3548E-01

0ITERATION NO.:   15    OBJECTIVE VALUE:   2076.68900246215        NO. OF FUNC. EVALS.:  28
 CUMULATIVE NO. OF FUNC. EVALS.:      201
 NPARAMETR:  1.9014E+00  1.7114E+00  4.6601E-01  2.3452E+00 -1.7460E-01 -2.3331E+00  3.7177E+01  8.6928E-02  4.9877E-01
 PARAMETER:  2.5019E-02  1.5559E-01  1.5534E-01  1.1726E-01 -5.8200E-01 -7.7769E-01  1.2147E+00 -2.2726E+00 -2.4781E-01
 GRADIENT:   1.2944E+02 -1.8845E+02 -7.4019E+01  4.5007E+02 -1.4817E+00  2.3649E+00  9.6864E+00  3.8903E+00  8.3476E-01

0ITERATION NO.:   16    OBJECTIVE VALUE:   2075.57796703194        NO. OF FUNC. EVALS.:  25
 CUMULATIVE NO. OF FUNC. EVALS.:      226
 NPARAMETR:  1.6717E+00  1.8398E+00  4.7669E-01  2.3486E+00 -2.1106E-01 -2.6635E+00  3.1238E+01  8.9722E-02  4.2390E-01
 PARAMETER:  2.1995E-02  1.6726E-01  1.5890E-01  1.1743E-01 -7.0352E-01 -8.8784E-01  1.1277E+00 -2.2568E+00 -3.2913E-01
 GRADIENT:   2.8005E+01 -1.2414E+02 -4.8543E+01  3.5857E+02 -1.0375E+00  2.0525E+00  1.2215E+00  1.5017E+01  8.1333E-01

0ITERATION NO.:   17    OBJECTIVE VALUE:   2056.05356164582        NO. OF FUNC. EVALS.:  36
 CUMULATIVE NO. OF FUNC. EVALS.:      262             RESET HESSIAN, TYPE I
 NPARAMETR:  6.6866E+00  2.0396E+00  5.1979E-01  2.3159E+00 -1.4527E-01 -3.7657E+00  3.0746E+01  8.7479E-02  3.9638E-01
 PARAMETER:  8.7982E-02  1.8542E-01  1.7326E-01  1.1579E-01 -4.8422E-01 -1.2552E+00  1.1197E+00 -2.2695E+00 -3.6269E-01
 GRADIENT:   9.5292E+02  1.0143E+02  7.4048E+01 -1.6854E+02  1.4310E+00  8.6338E-01  3.7570E+01 -6.3253E+00  1.0593E-01

0ITERATION NO.:   18    OBJECTIVE VALUE:   2055.23919019679        NO. OF FUNC. EVALS.:  11
 CUMULATIVE NO. OF FUNC. EVALS.:      273
 NPARAMETR:  5.3727E+00  2.0501E+00  5.1259E-01  2.3114E+00 -1.5264E-01 -4.2387E+00  2.6426E+01  8.7209E-02  3.8732E-01
 PARAMETER:  7.0693E-02  1.8638E-01  1.7086E-01  1.1557E-01 -5.0879E-01 -1.4129E+00  1.0440E+00 -2.2710E+00 -3.7426E-01
 GRADIENT:   8.0313E+02  1.0606E+02  7.2545E+01 -2.0134E+02  1.3960E+00  5.7063E-01  3.3166E+01 -6.6705E+00  1.2881E-02

0ITERATION NO.:   19    OBJECTIVE VALUE:   2055.15173117284        NO. OF FUNC. EVALS.:  11
 CUMULATIVE NO. OF FUNC. EVALS.:      284
 NPARAMETR:  4.6629E+00  2.0128E+00  4.9641E-01  2.3170E+00 -1.7250E-01 -4.4121E+00  2.3563E+01  8.7408E-02  3.8536E-01
 PARAMETER:  6.1354E-02  1.8298E-01  1.6547E-01  1.1585E-01 -5.7501E-01 -1.4707E+00  9.8669E-01 -2.2699E+00 -3.7679E-01
 GRADIENT:   6.9056E+02  4.5389E+01  3.8800E+01 -7.6284E+01  6.8400E-01  4.5457E-01  2.7675E+01 -1.0736E+00  1.1506E-01

0ITERATION NO.:   20    OBJECTIVE VALUE:   2055.15173117284        NO. OF FUNC. EVALS.:  27
 CUMULATIVE NO. OF FUNC. EVALS.:      311
 NPARAMETR:  4.6629E+00  2.0128E+00  4.9641E-01  2.3170E+00 -1.7250E-01 -4.4121E+00  2.3563E+01  8.7408E-02  3.8536E-01
 PARAMETER:  6.1354E-02  1.8298E-01  1.6547E-01  1.1585E-01 -5.7501E-01 -1.4707E+00  9.8669E-01 -2.2699E+00 -3.7679E-01
 GRADIENT:   2.2371E+02  4.3806E+01  3.7898E+01 -9.5590E+01  5.1853E-01  4.0174E-01  2.7675E+01 -2.3545E+00  1.1409E-01

0ITERATION NO.:   21    OBJECTIVE VALUE:   2054.97452190339        NO. OF FUNC. EVALS.:  24
 CUMULATIVE NO. OF FUNC. EVALS.:      335
 NPARAMETR:  4.4775E+00  2.0237E+00  4.9601E-01  2.3159E+00 -1.6825E-01 -4.4785E+00  2.1780E+01  8.7136E-02  3.8283E-01
 PARAMETER:  5.8914E-02  1.8397E-01  1.6534E-01  1.1580E-01 -5.6084E-01 -1.4928E+00  9.4735E-01 -2.2714E+00 -3.8009E-01
 GRADIENT:   1.8204E+02  5.5926E+01  4.2474E+01 -1.1397E+02  6.2410E-01  3.7399E-01  2.5147E+01 -4.1176E+00  8.0202E-02

0ITERATION NO.:   22    OBJECTIVE VALUE:   2053.03086942715        NO. OF FUNC. EVALS.:  25
 CUMULATIVE NO. OF FUNC. EVALS.:      360
 NPARAMETR:  4.1599E+00  2.0022E+00  4.7565E-01  2.3169E+00 -1.7253E-01 -4.7664E+00  1.5512E+01  8.7214E-02  3.7351E-01
 PARAMETER:  5.4736E-02  1.8201E-01  1.5855E-01  1.1584E-01 -5.7511E-01 -1.5888E+00  7.7766E-01 -2.2710E+00 -3.9240E-01
 GRADIENT:  -9.7006E+00  1.4504E+01  1.4990E+01 -3.5317E+01  2.1940E-01  2.8360E-01  1.5584E+01 -3.8010E-02  1.0061E-01

0ITERATION NO.:   23    OBJECTIVE VALUE:   2039.86609205039        NO. OF FUNC. EVALS.:  26
 CUMULATIVE NO. OF FUNC. EVALS.:      386
 NPARAMETR:  5.1553E+00  2.0089E+00  4.0813E-01  2.3161E+00 -1.9634E-01 -6.3753E+00  2.2861E+00  8.4577E-02  3.2806E-01
 PARAMETER:  6.7832E-02  1.8262E-01  1.3604E-01  1.1580E-01 -6.5447E-01 -2.1251E+00 -1.7971E-01 -2.2863E+00 -4.5728E-01
 GRADIENT:  -1.9191E+03 -3.9449E+01 -3.5874E+01  9.3585E+01 -4.9597E-01  6.0463E-02 -2.9598E+01 -3.4354E+00  1.5274E-02

0ITERATION NO.:   24    OBJECTIVE VALUE:   1974.93914339906        NO. OF FUNC. EVALS.:  25
 CUMULATIVE NO. OF FUNC. EVALS.:      411
 NPARAMETR:  7.1966E+00  2.0085E+00  3.2751E-01  2.3171E+00 -2.2836E-01 -8.1408E+00  2.6456E-01  8.2094E-02  2.8546E-01
 PARAMETER:  9.4692E-02  1.8259E-01  1.0917E-01  1.1585E-01 -7.6121E-01 -2.7136E+00 -1.2580E+00 -2.3012E+00 -5.2682E-01
 GRADIENT:   1.2762E+03 -1.4302E+02 -1.2690E+02  5.5002E+02 -1.6931E+00  8.7794E-03  2.3988E+01 -1.8866E+01 -3.6388E-01

0ITERATION NO.:   25    OBJECTIVE VALUE:   1974.54448623881        NO. OF FUNC. EVALS.:  24
 CUMULATIVE NO. OF FUNC. EVALS.:      435
 NPARAMETR:  7.0444E+00  2.0331E+00  3.7457E-01  2.2959E+00 -2.0608E-01 -8.0366E+00  2.9471E-01  8.6678E-02  2.9804E-01
 PARAMETER:  9.2689E-02  1.8482E-01  1.2486E-01  1.1479E-01 -6.8693E-01 -2.6789E+00 -1.2040E+00 -2.2741E+00 -5.0526E-01
 GRADIENT:  -4.4202E+02 -5.9766E+01 -5.8633E+01  2.4605E+01 -7.9530E-01  8.2294E-03  2.4170E+01  6.5936E+00 -2.8197E-01

0ITERATION NO.:   26    OBJECTIVE VALUE:   1970.04285357057        NO. OF FUNC. EVALS.:  26
 CUMULATIVE NO. OF FUNC. EVALS.:      461
 NPARAMETR:  7.2417E+00  2.0733E+00  4.3222E-01  2.2640E+00 -1.7628E-01 -8.2998E+00  1.9877E-01  9.3553E-02  3.0937E-01
 PARAMETER:  9.5286E-02  1.8849E-01  1.4407E-01  1.1320E-01 -5.8759E-01 -2.7666E+00 -1.4009E+00 -2.2359E+00 -4.8660E-01
 GRADIENT:   1.4494E+03  2.8530E+01  2.8734E+00 -4.7785E+02  1.0626E-01  8.3064E-03  1.9146E+01  2.7714E+01 -7.0151E-01

0ITERATION NO.:   27    OBJECTIVE VALUE:   1967.25747303908        NO. OF FUNC. EVALS.:  24
 CUMULATIVE NO. OF FUNC. EVALS.:      485
 NPARAMETR:  7.1492E+00  2.0605E+00  4.8907E-01  2.3538E+00 -1.3966E-01 -8.4478E+00  1.5421E-01  8.3799E-02  3.5660E-01
 PARAMETER:  9.4068E-02  1.8732E-01  1.6302E-01  1.1769E-01 -4.6552E-01 -2.8159E+00 -1.5279E+00 -2.2910E+00 -4.1558E-01
 GRADIENT:   3.5121E+02  9.7610E+01  4.2680E+01  2.7802E+02  1.0564E+00  8.2139E-03  1.5016E+01 -2.2576E+01  5.6381E-01

0ITERATION NO.:   28    OBJECTIVE VALUE:   1964.40193245272        NO. OF FUNC. EVALS.:  24
 CUMULATIVE NO. OF FUNC. EVALS.:      509
 NPARAMETR:  7.1373E+00  1.8864E+00  4.9308E-01  2.3198E+00 -1.8716E-01 -8.7490E+00  9.8758E-02  8.3964E-02  3.3343E-01
 PARAMETER:  9.3912E-02  1.7149E-01  1.6436E-01  1.1599E-01 -6.2386E-01 -2.9163E+00 -1.7507E+00 -2.2900E+00 -4.4916E-01
 GRADIENT:  -3.8056E+01 -4.9492E+01  1.5491E+01  2.8659E+01 -1.0772E-01  5.2496E-03  4.7636E+00 -1.2848E+01  1.8394E-01

0ITERATION NO.:   29    OBJECTIVE VALUE:   1963.77727393762        NO. OF FUNC. EVALS.:  24
 CUMULATIVE NO. OF FUNC. EVALS.:      533
 NPARAMETR:  7.1579E+00  1.9844E+00  4.5445E-01  2.3228E+00 -1.9523E-01 -8.9026E+00  7.9724E-02  8.8776E-02  3.2219E-01
 PARAMETER:  9.4183E-02  1.8040E-01  1.5148E-01  1.1614E-01 -6.5077E-01 -2.9675E+00 -1.8577E+00 -2.2621E+00 -4.6631E-01
 GRADIENT:   4.8596E+02 -2.0213E+01 -1.2959E+01  1.5018E+02 -2.0411E-01  4.7835E-03 -1.3068E+00  1.0028E+01  4.7151E-01

0ITERATION NO.:   30    OBJECTIVE VALUE:   1963.73172176070        NO. OF FUNC. EVALS.:  24
 CUMULATIVE NO. OF FUNC. EVALS.:      557
 NPARAMETR:  7.1449E+00  1.9906E+00  4.5241E-01  2.3164E+00 -1.9607E-01 -8.8883E+00  8.1453E-02  8.7874E-02  3.1313E-01
 PARAMETER:  9.4011E-02  1.8096E-01  1.5080E-01  1.1582E-01 -6.5355E-01 -2.9628E+00 -1.8470E+00 -2.2672E+00 -4.8056E-01
 GRADIENT:   8.9267E+01 -1.2004E+01 -6.5506E+00  6.8832E+01 -1.2857E-01  3.4714E-03 -6.6732E-01  6.7561E+00  3.3146E-01

0ITERATION NO.:   31    OBJECTIVE VALUE:   1963.67877582632        NO. OF FUNC. EVALS.:  24
 CUMULATIVE NO. OF FUNC. EVALS.:      581
 NPARAMETR:  7.1452E+00  1.9965E+00  4.5130E-01  2.3099E+00 -1.9467E-01 -8.8802E+00  8.2746E-02  8.6521E-02  3.0046E-01
 PARAMETER:  9.4016E-02  1.8150E-01  1.5043E-01  1.1550E-01 -6.4889E-01 -2.9601E+00 -1.8391E+00 -2.2750E+00 -5.0122E-01
 GRADIENT:   1.1589E+02 -3.3305E+00 -7.1896E-01 -2.7353E+00 -4.9492E-02  3.4053E-03 -1.9565E-01  1.0391E-01  1.0998E-01

0ITERATION NO.:   32    OBJECTIVE VALUE:   1963.62719214833        NO. OF FUNC. EVALS.:  33
 CUMULATIVE NO. OF FUNC. EVALS.:      614             RESET HESSIAN, TYPE I
 NPARAMETR:  7.1607E+00  2.0005E+00  4.5200E-01  2.3102E+00 -1.8560E-01 -8.9875E+00  8.3293E-02  8.6501E-02  2.6801E-01
 PARAMETER:  9.4219E-02  1.8187E-01  1.5067E-01  1.1551E-01 -6.1868E-01 -2.9958E+00 -1.8358E+00 -2.2751E+00 -5.5836E-01
 GRADIENT:   1.0732E+03  1.5270E+00 -2.1702E-02  1.4430E+01  1.2292E-01  3.1684E-02  3.3879E-02 -5.5528E-01 -4.6002E-02

0ITERATION NO.:   33    OBJECTIVE VALUE:   1963.62714630199        NO. OF FUNC. EVALS.:  12
 CUMULATIVE NO. OF FUNC. EVALS.:      626
 NPARAMETR:  7.1603E+00  2.0005E+00  4.5200E-01  2.3101E+00 -1.8592E-01 -9.0227E+00  8.3292E-02  8.6502E-02  2.6813E-01
 PARAMETER:  9.4214E-02  1.8187E-01  1.5067E-01  1.1551E-01 -6.1973E-01 -3.0076E+00 -1.8358E+00 -2.2751E+00 -5.5814E-01
 GRADIENT:   1.0710E+03  1.4693E+00  1.4417E-01  1.4082E+01  1.5067E-01  2.9351E-02  4.5407E-02 -5.4347E-01 -4.5464E-02

0ITERATION NO.:   34    OBJECTIVE VALUE:   1963.62714630199        NO. OF FUNC. EVALS.:  30
 CUMULATIVE NO. OF FUNC. EVALS.:      656
 NPARAMETR:  7.1603E+00  2.0005E+00  4.5200E-01  2.3101E+00 -1.8592E-01 -9.0227E+00  8.3292E-02  8.6502E-02  2.6813E-01
 PARAMETER:  9.4214E-02  1.8187E-01  1.5067E-01  1.1551E-01 -6.1973E-01 -3.0076E+00 -1.8358E+00 -2.2751E+00 -5.5814E-01
 GRADIENT:   6.0567E+02  3.0477E-01 -7.6708E-01 -7.8383E+00  1.4000E-02  3.6019E-03  4.5407E-02 -1.8395E+00 -4.6458E-02

0ITERATION NO.:   35    OBJECTIVE VALUE:   1963.62714383577        NO. OF FUNC. EVALS.:  29
 CUMULATIVE NO. OF FUNC. EVALS.:      685
 NPARAMETR:  7.1601E+00  2.0005E+00  4.5200E-01  2.3101E+00 -1.8612E-01 -9.0396E+00  8.3292E-02  8.6502E-02  2.6819E-01
 PARAMETER:  9.4212E-02  1.8186E-01  1.5067E-01  1.1551E-01 -6.2041E-01 -3.0132E+00 -1.8358E+00 -2.2751E+00 -5.5802E-01
 GRADIENT:   5.9218E+02  3.2175E-01 -7.2367E-01 -8.9734E+00  1.2385E-02  3.5633E-03  4.1934E-02 -1.7956E+00 -4.9385E-02

0ITERATION NO.:   36    OBJECTIVE VALUE:   1963.62702946035        NO. OF FUNC. EVALS.:  24
 CUMULATIVE NO. OF FUNC. EVALS.:      709
 NPARAMETR:  7.1595E+00  2.0004E+00  4.5193E-01  2.3104E+00 -1.8658E-01 -9.0786E+00  8.3302E-02  8.6503E-02  2.7089E-01
 PARAMETER:  9.4204E-02  1.8186E-01  1.5064E-01  1.1552E-01 -6.2192E-01 -3.0262E+00 -1.8358E+00 -2.2751E+00 -5.5301E-01
 GRADIENT:   5.7477E+02  5.2360E-02 -9.1254E-01 -4.0427E+00  6.1464E-03  3.0940E-03  4.1408E-02 -1.7087E+00 -3.0437E-02

0ITERATION NO.:   37    OBJECTIVE VALUE:   1963.62408202903        NO. OF FUNC. EVALS.:  33
 CUMULATIVE NO. OF FUNC. EVALS.:      742             RESET HESSIAN, TYPE I
 NPARAMETR:  7.1606E+00  2.0003E+00  4.5283E-01  2.3107E+00 -1.8662E-01 -1.0003E+01  8.3205E-02  8.6845E-02  2.7382E-01
 PARAMETER:  9.4218E-02  1.8185E-01  1.5094E-01  1.1554E-01 -6.2208E-01 -3.3343E+00 -1.8364E+00 -2.2731E+00 -5.4763E-01
 GRADIENT:   1.0498E+03  1.0392E+00 -8.8034E-02  1.9228E+01  1.0038E-01  3.2808E-02  1.3819E-03  1.1840E+00  1.3805E-03

0ITERATION NO.:   38    OBJECTIVE VALUE:   1963.62384981530        NO. OF FUNC. EVALS.:  11
 CUMULATIVE NO. OF FUNC. EVALS.:      753
 NPARAMETR:  7.1605E+00  2.0003E+00  4.5295E-01  2.3107E+00 -1.8667E-01 -1.0175E+01  8.3193E-02  8.6887E-02  2.7420E-01
 PARAMETER:  9.4217E-02  1.8185E-01  1.5098E-01  1.1554E-01 -6.2225E-01 -3.3915E+00 -1.8364E+00 -2.2729E+00 -5.4694E-01
 GRADIENT:   1.0549E+03  1.3889E+00  2.3893E-01  1.9409E+01  1.6209E-01  2.1596E-02  1.2772E-03  1.3786E+00  6.5595E-04

0ITERATION NO.:   39    OBJECTIVE VALUE:   1963.62384981530        NO. OF FUNC. EVALS.:  25
 CUMULATIVE NO. OF FUNC. EVALS.:      778
 NPARAMETR:  7.1605E+00  2.0003E+00  4.5295E-01  2.3107E+00 -1.8667E-01 -1.0175E+01  8.3193E-02  8.6887E-02  2.7420E-01
 PARAMETER:  9.4217E-02  1.8185E-01  1.5098E-01  1.1554E-01 -6.2225E-01 -3.3915E+00 -1.8364E+00 -2.2729E+00 -5.4694E-01
 GRADIENT:   5.8963E+02 -6.0073E-02 -8.3219E-01 -2.5658E+00  3.0793E-03  9.9616E-04  1.2772E-03  8.9434E-02 -3.4752E-04

0ITERATION NO.:   40    OBJECTIVE VALUE:   1963.62384981530        NO. OF FUNC. EVALS.:  21
 CUMULATIVE NO. OF FUNC. EVALS.:      799
 NPARAMETR:  7.1605E+00  2.0003E+00  4.5295E-01  2.3107E+00 -1.8667E-01 -1.0175E+01  8.3193E-02  8.6887E-02  2.7420E-01
 PARAMETER:  9.4217E-02  1.8185E-01  1.5098E-01  1.1554E-01 -6.2225E-01 -3.3915E+00 -1.8364E+00 -2.2729E+00 -5.4694E-01
 GRADIENT:  -1.7918E+01 -5.1442E-02 -8.0177E-01 -1.6108E+00  5.0919E-03  9.6655E-04 -4.2896E-03  1.0678E-01 -1.2248E-03

 #TERM:
0MINIMIZATION SUCCESSFUL
 HOWEVER, PROBLEMS OCCURRED WITH THE MINIMIZATION.
 REGARD THE RESULTS OF THE ESTIMATION STEP CAREFULLY, AND ACCEPT THEM ONLY
 AFTER CHECKING THAT THE COVARIANCE STEP PRODUCES REASONABLE OUTPUT.
 NO. OF FUNCTION EVALUATIONS USED:      799
 NO. OF SIG. DIGITS IN FINAL EST.:  2.8

 ETABAR IS THE ARITHMETIC MEAN OF THE ETA-ESTIMATES,
 AND THE P-VALUE IS GIVEN FOR THE NULL HYPOTHESIS THAT THE TRUE MEAN IS 0.

 ETABAR:        -7.2140E-04
 SE:             6.2022E-02
 N:                      19

 P VAL.:         9.9072E-01

 ETASHRINKSD(%)  3.7014E+00
 ETASHRINKVR(%)  7.2658E+00
 EBVSHRINKSD(%)  5.9433E+00
 EBVSHRINKVR(%)  1.1533E+01
 EPSSHRINKSD(%)  2.9359E+00  2.9359E+00
 EPSSHRINKVR(%)  5.7856E+00  5.7856E+00

  
 TOTAL DATA POINTS NORMALLY DISTRIBUTED (N):          256
 N*LOG(2PI) CONSTANT TO OBJECTIVE FUNCTION:    470.49652900079241     
 OBJECTIVE FUNCTION VALUE WITHOUT CONSTANT:    1963.6238498152991     
 OBJECTIVE FUNCTION VALUE WITH CONSTANT:       2434.1203788160915     
 REPORTED OBJECTIVE FUNCTION DOES NOT CONTAIN CONSTANT
  
 TOTAL EFFECTIVE ETAS (NIND*NETA):                            19
  
 #TERE:
 Elapsed estimation  time in seconds:   434.54
 Elapsed covariance  time in seconds:   227.18
 Elapsed postprocess time in seconds:     9.61
1
 
 
 
 
 
 
 
 
 
 
 
 
 
 
 
 
 
 
 
 
 ************************************************************************************************************************
 ********************                                                                                ********************
 ********************               FIRST ORDER CONDITIONAL ESTIMATION WITH INTERACTION              ********************
 #OBJT:**************                       MINIMUM VALUE OF OBJECTIVE FUNCTION                      ********************
 ********************                                                                                ********************
 ************************************************************************************************************************
 





 #OBJV:********************************************     1963.624       **************************************************
1
 ************************************************************************************************************************
 ********************                                                                                ********************
 ********************               FIRST ORDER CONDITIONAL ESTIMATION WITH INTERACTION              ********************
 ********************                             FINAL PARAMETER ESTIMATE                           ********************
 ********************                                                                                ********************
 ************************************************************************************************************************
 


 THETA - VECTOR OF FIXED EFFECTS PARAMETERS   *********


         TH 1      TH 2      TH 3      TH 4      TH 5      TH 6     
 
         7.16E+00  2.00E+00  4.53E-01  2.31E+00 -1.87E-01 -1.02E+01
 


 OMEGA - COV MATRIX FOR RANDOM EFFECTS - ETAS  ********


         ETA1     
 
 ETA1
+        8.32E-02
 


 SIGMA - COV MATRIX FOR RANDOM EFFECTS - EPSILONS  ****


         EPS1      EPS2     
 
 EPS1
+        8.69E-02
 
 EPS2
+        0.00E+00  2.74E-01
 
1


 OMEGA - CORR MATRIX FOR RANDOM EFFECTS - ETAS  *******


         ETA1     
 
 ETA1
+        2.88E-01
 


 SIGMA - CORR MATRIX FOR RANDOM EFFECTS - EPSILONS  ***


         EPS1      EPS2     
 
 EPS1
+        2.95E-01
 
 EPS2
+        0.00E+00  5.24E-01
 
1
 ************************************************************************************************************************
 ********************                                                                                ********************
 ********************               FIRST ORDER CONDITIONAL ESTIMATION WITH INTERACTION              ********************
 ********************                            STANDARD ERROR OF ESTIMATE                          ********************
 ********************                                                                                ********************
 ************************************************************************************************************************
 


 THETA - VECTOR OF FIXED EFFECTS PARAMETERS   *********


         TH 1      TH 2      TH 3      TH 4      TH 5      TH 6     
 
         7.42E-02  2.17E-01  2.21E-01  1.63E-01  1.55E-01  3.44E+01
 


 OMEGA - COV MATRIX FOR RANDOM EFFECTS - ETAS  ********


         ETA1     
 
 ETA1
+        2.30E-02
 


 SIGMA - COV MATRIX FOR RANDOM EFFECTS - EPSILONS  ****


         EPS1      EPS2     
 
 EPS1
+        1.46E-02
 
 EPS2
+       .........  9.16E-01
 
1


 OMEGA - CORR MATRIX FOR RANDOM EFFECTS - ETAS  *******


         ETA1     
 
 ETA1
+        3.99E-02
 


 SIGMA - CORR MATRIX FOR RANDOM EFFECTS - EPSILONS  ***


         EPS1      EPS2     
 
 EPS1
+        2.48E-02
 
 EPS2
+       .........  8.75E-01
 
1
 ************************************************************************************************************************
 ********************                                                                                ********************
 ********************               FIRST ORDER CONDITIONAL ESTIMATION WITH INTERACTION              ********************
 ********************                          COVARIANCE MATRIX OF ESTIMATE                         ********************
 ********************                                                                                ********************
 ************************************************************************************************************************
 

            TH 1      TH 2      TH 3      TH 4      TH 5      TH 6      OM11      SG11      SG12      SG22  
 
 TH 1
+        5.50E-03
 
 TH 2
+        7.17E-03  4.73E-02
 
 TH 3
+        9.14E-04 -2.07E-02  4.89E-02
 
 TH 4
+        4.75E-04 -5.98E-03  2.78E-02  2.65E-02
 
 TH 5
+        4.44E-03  3.28E-02 -2.13E-02 -9.86E-03  2.41E-02
 
 TH 6
+        5.90E-03 -1.21E+00  5.78E+00  5.45E+00 -2.05E+00  1.18E+03
 
 OM11
+       -6.12E-04 -2.93E-04  6.56E-04 -1.64E-04 -2.07E-04  3.16E-02  5.29E-04
 
 SG11
+        2.75E-04  1.69E-04  1.90E-03  1.35E-03 -2.50E-04  3.09E-01 -3.75E-05  2.14E-04
 
 SG12
+       ......... ......... ......... ......... ......... ......... ......... ......... .........
 
 SG22
+        9.30E-04  3.84E-02 -1.53E-01 -1.45E-01  5.85E-02 -3.15E+01 -5.19E-04 -8.07E-03 .........  8.39E-01
 
1
 ************************************************************************************************************************
 ********************                                                                                ********************
 ********************               FIRST ORDER CONDITIONAL ESTIMATION WITH INTERACTION              ********************
 ********************                          CORRELATION MATRIX OF ESTIMATE                        ********************
 ********************                                                                                ********************
 ************************************************************************************************************************
 

            TH 1      TH 2      TH 3      TH 4      TH 5      TH 6      OM11      SG11      SG12      SG22  
 
 TH 1
+        7.42E-02
 
 TH 2
+        4.45E-01  2.17E-01
 
 TH 3
+        5.58E-02 -4.31E-01  2.21E-01
 
 TH 4
+        3.94E-02 -1.69E-01  7.73E-01  1.63E-01
 
 TH 5
+        3.85E-01  9.71E-01 -6.19E-01 -3.90E-01  1.55E-01
 
 TH 6
+        2.31E-03 -1.61E-01  7.59E-01  9.72E-01 -3.83E-01  3.44E+01
 
 OM11
+       -3.59E-01 -5.87E-02  1.29E-01 -4.37E-02 -5.80E-02  4.00E-02  2.30E-02
 
 SG11
+        2.54E-01  5.30E-02  5.89E-01  5.67E-01 -1.10E-01  6.14E-01 -1.11E-01  1.46E-02
 
 SG12
+       ......... ......... ......... ......... ......... ......... ......... ......... .........
 
 SG22
+        1.37E-02  1.93E-01 -7.57E-01 -9.73E-01  4.11E-01 -9.99E-01 -2.46E-02 -6.03E-01 .........  9.16E-01
 
1
 ************************************************************************************************************************
 ********************                                                                                ********************
 ********************               FIRST ORDER CONDITIONAL ESTIMATION WITH INTERACTION              ********************
 ********************                      INVERSE COVARIANCE MATRIX OF ESTIMATE                     ********************
 ********************                                                                                ********************
 ************************************************************************************************************************
 

            TH 1      TH 2      TH 3      TH 4      TH 5      TH 6      OM11      SG11      SG12      SG22  
 
 TH 1
+        4.86E+02
 
 TH 2
+        2.22E+04  3.59E+06
 
 TH 3
+       -3.87E+03 -6.00E+05  1.02E+05
 
 TH 4
+        4.74E+02  6.40E+04 -1.20E+04  2.78E+03
 
 TH 5
+       -3.59E+04 -5.76E+06  9.66E+05 -1.05E+05  9.26E+06
 
 TH 6
+        4.37E+01  5.50E+03 -1.27E+03  2.77E+02 -9.45E+03  6.64E+01
 
 OM11
+        4.04E+03  6.04E+05 -9.46E+04  8.20E+03 -9.58E+05 -1.79E+02  1.26E+05
 
 SG11
+        5.34E+03  8.69E+05 -1.43E+05  1.55E+04 -1.39E+06  8.67E+02  1.57E+05  2.26E+05
 
 SG12
+       ......... ......... ......... ......... ......... ......... ......... ......... .........
 
 SG22
+        2.56E+03  3.55E+05 -7.23E+04  1.32E+04 -5.93E+05  2.72E+03  1.82E+04  6.86E+04 .........  1.17E+05
 
 Elapsed finaloutput time in seconds:     0.08
1THERE ARE ERROR MESSAGES IN FILE PRDERR                                                                  
 #CPUT: Total CPU Time in Seconds,      671.125
Stop Time: 
Tue 04/09/2024 
01:45 PM
